Determining if the function pthread_create exists in the pthreads failed with the following output:
Change Dir: /home/pi/LTE-Cell-Scanner/build/CMakeFiles/CMakeTmp

Run Build Command(s):/usr/bin/gmake cmTC_a2c0f/fast && /usr/bin/gmake  -f CMakeFiles/cmTC_a2c0f.dir/build.make CMakeFiles/cmTC_a2c0f.dir/build
gmake[1]: Entering directory '/home/pi/LTE-Cell-Scanner/build/CMakeFiles/CMakeTmp'
Building C object CMakeFiles/cmTC_a2c0f.dir/CheckFunctionExists.c.o
/usr/bin/cc   -fopenmp -DCHECK_FUNCTION_EXISTS=pthread_create -o CMakeFiles/cmTC_a2c0f.dir/CheckFunctionExists.c.o -c /usr/share/cmake-3.18/Modules/CheckFunctionExists.c
Linking C executable cmTC_a2c0f
/usr/bin/cmake -E cmake_link_script CMakeFiles/cmTC_a2c0f.dir/link.txt --verbose=1
/usr/bin/cc  -fopenmp -DCHECK_FUNCTION_EXISTS=pthread_create -rdynamic CMakeFiles/cmTC_a2c0f.dir/CheckFunctionExists.c.o -o cmTC_a2c0f  -lpthreads 
/usr/bin/ld: cannot find -lpthreads
collect2: error: ld returned 1 exit status
gmake[1]: *** [CMakeFiles/cmTC_a2c0f.dir/build.make:106: cmTC_a2c0f] Error 1
gmake[1]: Leaving directory '/home/pi/LTE-Cell-Scanner/build/CMakeFiles/CMakeTmp'
gmake: *** [Makefile:140: cmTC_a2c0f/fast] Error 2



Determining if the function sgemm_ exists failed with the following output:
Change Dir: /home/pi/LTE-Cell-Scanner/build/CMakeFiles/CMakeTmp

Run Build Command(s):/usr/bin/gmake cmTC_6d2f0/fast && /usr/bin/gmake  -f CMakeFiles/cmTC_6d2f0.dir/build.make CMakeFiles/cmTC_6d2f0.dir/build
gmake[1]: Entering directory '/home/pi/LTE-Cell-Scanner/build/CMakeFiles/CMakeTmp'
Building C object CMakeFiles/cmTC_6d2f0.dir/CheckFunctionExists.c.o
/usr/bin/cc   -fopenmp -DCHECK_FUNCTION_EXISTS=sgemm_ -o CMakeFiles/cmTC_6d2f0.dir/CheckFunctionExists.c.o -c /usr/share/cmake-3.18/Modules/CheckFunctionExists.c
Linking C executable cmTC_6d2f0
/usr/bin/cmake -E cmake_link_script CMakeFiles/cmTC_6d2f0.dir/link.txt --verbose=1
/usr/bin/cc  -fopenmp -DCHECK_FUNCTION_EXISTS=sgemm_ -rdynamic CMakeFiles/cmTC_6d2f0.dir/CheckFunctionExists.c.o -o cmTC_6d2f0 
/usr/bin/ld: CMakeFiles/cmTC_6d2f0.dir/CheckFunctionExists.c.o: in function `main':
CheckFunctionExists.c:(.text+0x10): undefined reference to `sgemm_'
collect2: error: ld returned 1 exit status
gmake[1]: *** [CMakeFiles/cmTC_6d2f0.dir/build.make:106: cmTC_6d2f0] Error 1
gmake[1]: Leaving directory '/home/pi/LTE-Cell-Scanner/build/CMakeFiles/CMakeTmp'
gmake: *** [Makefile:140: cmTC_6d2f0/fast] Error 2



Determining if the function cheev_ exists failed with the following output:
Change Dir: /home/pi/LTE-Cell-Scanner/build/CMakeFiles/CMakeTmp

Run Build Command(s):/usr/bin/gmake cmTC_d1307/fast && /usr/bin/gmake  -f CMakeFiles/cmTC_d1307.dir/build.make CMakeFiles/cmTC_d1307.dir/build
gmake[1]: Entering directory '/home/pi/LTE-Cell-Scanner/build/CMakeFiles/CMakeTmp'
Building C object CMakeFiles/cmTC_d1307.dir/CheckFunctionExists.c.o
/usr/bin/cc   -fopenmp -DCHECK_FUNCTION_EXISTS=cheev_ -o CMakeFiles/cmTC_d1307.dir/CheckFunctionExists.c.o -c /usr/share/cmake-3.18/Modules/CheckFunctionExists.c
Linking C executable cmTC_d1307
/usr/bin/cmake -E cmake_link_script CMakeFiles/cmTC_d1307.dir/link.txt --verbose=1
/usr/bin/cc  -fopenmp -DCHECK_FUNCTION_EXISTS=cheev_ -rdynamic CMakeFiles/cmTC_d1307.dir/CheckFunctionExists.c.o -o cmTC_d1307  /usr/lib/aarch64-linux-gnu/libblas.so -lm -ldl 
/usr/bin/ld: CMakeFiles/cmTC_d1307.dir/CheckFunctionExists.c.o: in function `main':
CheckFunctionExists.c:(.text+0x10): undefined reference to `cheev_'
collect2: error: ld returned 1 exit status
gmake[1]: *** [CMakeFiles/cmTC_d1307.dir/build.make:107: cmTC_d1307] Error 1
gmake[1]: Leaving directory '/home/pi/LTE-Cell-Scanner/build/CMakeFiles/CMakeTmp'
gmake: *** [Makefile:140: cmTC_d1307/fast] Error 2



Determining if the function pthread_create exists in the pthreads failed with the following output:
Change Dir: /home/pi/LTE-Cell-Scanner/build/CMakeFiles/CMakeTmp

Run Build Command(s):/usr/bin/gmake cmTC_1277e/fast && /usr/bin/gmake  -f CMakeFiles/cmTC_1277e.dir/build.make CMakeFiles/cmTC_1277e.dir/build
gmake[1]: Entering directory '/home/pi/LTE-Cell-Scanner/build/CMakeFiles/CMakeTmp'
Building C object CMakeFiles/cmTC_1277e.dir/CheckFunctionExists.c.o
/usr/bin/cc   -fopenmp -DCHECK_FUNCTION_EXISTS=pthread_create -o CMakeFiles/cmTC_1277e.dir/CheckFunctionExists.c.o -c /usr/share/cmake-3.18/Modules/CheckFunctionExists.c
Linking C executable cmTC_1277e
/usr/bin/cmake -E cmake_link_script CMakeFiles/cmTC_1277e.dir/link.txt --verbose=1
/usr/bin/cc  -fopenmp -DCHECK_FUNCTION_EXISTS=pthread_create -rdynamic CMakeFiles/cmTC_1277e.dir/CheckFunctionExists.c.o -o cmTC_1277e  -lpthreads 
/usr/bin/ld: cannot find -lpthreads
collect2: error: ld returned 1 exit status
gmake[1]: *** [CMakeFiles/cmTC_1277e.dir/build.make:106: cmTC_1277e] Error 1
gmake[1]: Leaving directory '/home/pi/LTE-Cell-Scanner/build/CMakeFiles/CMakeTmp'
gmake: *** [Makefile:140: cmTC_1277e/fast] Error 2



Determining if the function sgemm_ exists failed with the following output:
Change Dir: /home/pi/LTE-Cell-Scanner/build/CMakeFiles/CMakeTmp

Run Build Command(s):/usr/bin/gmake cmTC_28d70/fast && /usr/bin/gmake  -f CMakeFiles/cmTC_28d70.dir/build.make CMakeFiles/cmTC_28d70.dir/build
gmake[1]: Entering directory '/home/pi/LTE-Cell-Scanner/build/CMakeFiles/CMakeTmp'
Building C object CMakeFiles/cmTC_28d70.dir/CheckFunctionExists.c.o
/usr/bin/cc   -fopenmp -DCHECK_FUNCTION_EXISTS=sgemm_ -o CMakeFiles/cmTC_28d70.dir/CheckFunctionExists.c.o -c /usr/share/cmake-3.18/Modules/CheckFunctionExists.c
Linking C executable cmTC_28d70
/usr/bin/cmake -E cmake_link_script CMakeFiles/cmTC_28d70.dir/link.txt --verbose=1
/usr/bin/cc  -fopenmp -DCHECK_FUNCTION_EXISTS=sgemm_ -rdynamic CMakeFiles/cmTC_28d70.dir/CheckFunctionExists.c.o -o cmTC_28d70 
/usr/bin/ld: CMakeFiles/cmTC_28d70.dir/CheckFunctionExists.c.o: in function `main':
CheckFunctionExists.c:(.text+0x10): undefined reference to `sgemm_'
collect2: error: ld returned 1 exit status
gmake[1]: *** [CMakeFiles/cmTC_28d70.dir/build.make:106: cmTC_28d70] Error 1
gmake[1]: Leaving directory '/home/pi/LTE-Cell-Scanner/build/CMakeFiles/CMakeTmp'
gmake: *** [Makefile:140: cmTC_28d70/fast] Error 2



Determining if the function cheev_ exists failed with the following output:
Change Dir: /home/pi/LTE-Cell-Scanner/build/CMakeFiles/CMakeTmp

Run Build Command(s):/usr/bin/gmake cmTC_54cf7/fast && /usr/bin/gmake  -f CMakeFiles/cmTC_54cf7.dir/build.make CMakeFiles/cmTC_54cf7.dir/build
gmake[1]: Entering directory '/home/pi/LTE-Cell-Scanner/build/CMakeFiles/CMakeTmp'
Building C object CMakeFiles/cmTC_54cf7.dir/CheckFunctionExists.c.o
/usr/bin/cc   -fopenmp -DCHECK_FUNCTION_EXISTS=cheev_ -o CMakeFiles/cmTC_54cf7.dir/CheckFunctionExists.c.o -c /usr/share/cmake-3.18/Modules/CheckFunctionExists.c
Linking C executable cmTC_54cf7
/usr/bin/cmake -E cmake_link_script CMakeFiles/cmTC_54cf7.dir/link.txt --verbose=1
/usr/bin/cc  -fopenmp -DCHECK_FUNCTION_EXISTS=cheev_ -rdynamic CMakeFiles/cmTC_54cf7.dir/CheckFunctionExists.c.o -o cmTC_54cf7  /usr/lib/aarch64-linux-gnu/libblas.so -lm -ldl 
/usr/bin/ld: CMakeFiles/cmTC_54cf7.dir/CheckFunctionExists.c.o: in function `main':
CheckFunctionExists.c:(.text+0x10): undefined reference to `cheev_'
collect2: error: ld returned 1 exit status
gmake[1]: *** [CMakeFiles/cmTC_54cf7.dir/build.make:107: cmTC_54cf7] Error 1
gmake[1]: Leaving directory '/home/pi/LTE-Cell-Scanner/build/CMakeFiles/CMakeTmp'
gmake: *** [Makefile:140: cmTC_54cf7/fast] Error 2



Determining if the function pthread_create exists in the pthreads failed with the following output:
Change Dir: /home/pi/LTE-Cell-Scanner/build/CMakeFiles/CMakeTmp

Run Build Command(s):/usr/bin/gmake cmTC_07ca1/fast && /usr/bin/gmake  -f CMakeFiles/cmTC_07ca1.dir/build.make CMakeFiles/cmTC_07ca1.dir/build
gmake[1]: Entering directory '/home/pi/LTE-Cell-Scanner/build/CMakeFiles/CMakeTmp'
Building C object CMakeFiles/cmTC_07ca1.dir/CheckFunctionExists.c.o
/usr/bin/cc   -fopenmp -DCHECK_FUNCTION_EXISTS=pthread_create -o CMakeFiles/cmTC_07ca1.dir/CheckFunctionExists.c.o -c /usr/share/cmake-3.18/Modules/CheckFunctionExists.c
Linking C executable cmTC_07ca1
/usr/bin/cmake -E cmake_link_script CMakeFiles/cmTC_07ca1.dir/link.txt --verbose=1
/usr/bin/cc  -fopenmp -DCHECK_FUNCTION_EXISTS=pthread_create -rdynamic CMakeFiles/cmTC_07ca1.dir/CheckFunctionExists.c.o -o cmTC_07ca1  -lpthreads 
/usr/bin/ld: cannot find -lpthreads
collect2: error: ld returned 1 exit status
gmake[1]: *** [CMakeFiles/cmTC_07ca1.dir/build.make:106: cmTC_07ca1] Error 1
gmake[1]: Leaving directory '/home/pi/LTE-Cell-Scanner/build/CMakeFiles/CMakeTmp'
gmake: *** [Makefile:140: cmTC_07ca1/fast] Error 2



Determining if the function sgemm_ exists failed with the following output:
Change Dir: /home/pi/LTE-Cell-Scanner/build/CMakeFiles/CMakeTmp

Run Build Command(s):/usr/bin/gmake cmTC_105a5/fast && /usr/bin/gmake  -f CMakeFiles/cmTC_105a5.dir/build.make CMakeFiles/cmTC_105a5.dir/build
gmake[1]: Entering directory '/home/pi/LTE-Cell-Scanner/build/CMakeFiles/CMakeTmp'
Building C object CMakeFiles/cmTC_105a5.dir/CheckFunctionExists.c.o
/usr/bin/cc   -fopenmp -DCHECK_FUNCTION_EXISTS=sgemm_ -o CMakeFiles/cmTC_105a5.dir/CheckFunctionExists.c.o -c /usr/share/cmake-3.18/Modules/CheckFunctionExists.c
Linking C executable cmTC_105a5
/usr/bin/cmake -E cmake_link_script CMakeFiles/cmTC_105a5.dir/link.txt --verbose=1
/usr/bin/cc  -fopenmp -DCHECK_FUNCTION_EXISTS=sgemm_ -rdynamic CMakeFiles/cmTC_105a5.dir/CheckFunctionExists.c.o -o cmTC_105a5 
/usr/bin/ld: CMakeFiles/cmTC_105a5.dir/CheckFunctionExists.c.o: in function `main':
CheckFunctionExists.c:(.text+0x10): undefined reference to `sgemm_'
collect2: error: ld returned 1 exit status
gmake[1]: *** [CMakeFiles/cmTC_105a5.dir/build.make:106: cmTC_105a5] Error 1
gmake[1]: Leaving directory '/home/pi/LTE-Cell-Scanner/build/CMakeFiles/CMakeTmp'
gmake: *** [Makefile:140: cmTC_105a5/fast] Error 2



Determining if the function cheev_ exists failed with the following output:
Change Dir: /home/pi/LTE-Cell-Scanner/build/CMakeFiles/CMakeTmp

Run Build Command(s):/usr/bin/gmake cmTC_46f6e/fast && /usr/bin/gmake  -f CMakeFiles/cmTC_46f6e.dir/build.make CMakeFiles/cmTC_46f6e.dir/build
gmake[1]: Entering directory '/home/pi/LTE-Cell-Scanner/build/CMakeFiles/CMakeTmp'
Building C object CMakeFiles/cmTC_46f6e.dir/CheckFunctionExists.c.o
/usr/bin/cc   -fopenmp -DCHECK_FUNCTION_EXISTS=cheev_ -o CMakeFiles/cmTC_46f6e.dir/CheckFunctionExists.c.o -c /usr/share/cmake-3.18/Modules/CheckFunctionExists.c
Linking C executable cmTC_46f6e
/usr/bin/cmake -E cmake_link_script CMakeFiles/cmTC_46f6e.dir/link.txt --verbose=1
/usr/bin/cc  -fopenmp -DCHECK_FUNCTION_EXISTS=cheev_ -rdynamic CMakeFiles/cmTC_46f6e.dir/CheckFunctionExists.c.o -o cmTC_46f6e  /usr/lib/aarch64-linux-gnu/libblas.so -lm -ldl 
/usr/bin/ld: CMakeFiles/cmTC_46f6e.dir/CheckFunctionExists.c.o: in function `main':
CheckFunctionExists.c:(.text+0x10): undefined reference to `cheev_'
collect2: error: ld returned 1 exit status
gmake[1]: *** [CMakeFiles/cmTC_46f6e.dir/build.make:107: cmTC_46f6e] Error 1
gmake[1]: Leaving directory '/home/pi/LTE-Cell-Scanner/build/CMakeFiles/CMakeTmp'
gmake: *** [Makefile:140: cmTC_46f6e/fast] Error 2



Determining if the function pthread_create exists in the pthreads failed with the following output:
Change Dir: /home/pi/LTE-Cell-Scanner/build/CMakeFiles/CMakeTmp

Run Build Command(s):/usr/bin/gmake cmTC_9caca/fast && /usr/bin/gmake  -f CMakeFiles/cmTC_9caca.dir/build.make CMakeFiles/cmTC_9caca.dir/build
gmake[1]: Entering directory '/home/pi/LTE-Cell-Scanner/build/CMakeFiles/CMakeTmp'
Building C object CMakeFiles/cmTC_9caca.dir/CheckFunctionExists.c.o
/usr/bin/cc   -fopenmp -DCHECK_FUNCTION_EXISTS=pthread_create -o CMakeFiles/cmTC_9caca.dir/CheckFunctionExists.c.o -c /usr/share/cmake-3.18/Modules/CheckFunctionExists.c
Linking C executable cmTC_9caca
/usr/bin/cmake -E cmake_link_script CMakeFiles/cmTC_9caca.dir/link.txt --verbose=1
/usr/bin/cc  -fopenmp -DCHECK_FUNCTION_EXISTS=pthread_create -rdynamic CMakeFiles/cmTC_9caca.dir/CheckFunctionExists.c.o -o cmTC_9caca  -lpthreads 
/usr/bin/ld: cannot find -lpthreads
collect2: error: ld returned 1 exit status
gmake[1]: *** [CMakeFiles/cmTC_9caca.dir/build.make:106: cmTC_9caca] Error 1
gmake[1]: Leaving directory '/home/pi/LTE-Cell-Scanner/build/CMakeFiles/CMakeTmp'
gmake: *** [Makefile:140: cmTC_9caca/fast] Error 2



Determining if the function sgemm_ exists failed with the following output:
Change Dir: /home/pi/LTE-Cell-Scanner/build/CMakeFiles/CMakeTmp

Run Build Command(s):/usr/bin/gmake cmTC_74ec3/fast && /usr/bin/gmake  -f CMakeFiles/cmTC_74ec3.dir/build.make CMakeFiles/cmTC_74ec3.dir/build
gmake[1]: Entering directory '/home/pi/LTE-Cell-Scanner/build/CMakeFiles/CMakeTmp'
Building C object CMakeFiles/cmTC_74ec3.dir/CheckFunctionExists.c.o
/usr/bin/cc   -fopenmp -DCHECK_FUNCTION_EXISTS=sgemm_ -o CMakeFiles/cmTC_74ec3.dir/CheckFunctionExists.c.o -c /usr/share/cmake-3.18/Modules/CheckFunctionExists.c
Linking C executable cmTC_74ec3
/usr/bin/cmake -E cmake_link_script CMakeFiles/cmTC_74ec3.dir/link.txt --verbose=1
/usr/bin/cc  -fopenmp -DCHECK_FUNCTION_EXISTS=sgemm_ -rdynamic CMakeFiles/cmTC_74ec3.dir/CheckFunctionExists.c.o -o cmTC_74ec3 
/usr/bin/ld: CMakeFiles/cmTC_74ec3.dir/CheckFunctionExists.c.o: in function `main':
CheckFunctionExists.c:(.text+0x10): undefined reference to `sgemm_'
collect2: error: ld returned 1 exit status
gmake[1]: *** [CMakeFiles/cmTC_74ec3.dir/build.make:106: cmTC_74ec3] Error 1
gmake[1]: Leaving directory '/home/pi/LTE-Cell-Scanner/build/CMakeFiles/CMakeTmp'
gmake: *** [Makefile:140: cmTC_74ec3/fast] Error 2



Determining if the function cheev_ exists failed with the following output:
Change Dir: /home/pi/LTE-Cell-Scanner/build/CMakeFiles/CMakeTmp

Run Build Command(s):/usr/bin/gmake cmTC_0124a/fast && /usr/bin/gmake  -f CMakeFiles/cmTC_0124a.dir/build.make CMakeFiles/cmTC_0124a.dir/build
gmake[1]: Entering directory '/home/pi/LTE-Cell-Scanner/build/CMakeFiles/CMakeTmp'
Building C object CMakeFiles/cmTC_0124a.dir/CheckFunctionExists.c.o
/usr/bin/cc   -fopenmp -DCHECK_FUNCTION_EXISTS=cheev_ -o CMakeFiles/cmTC_0124a.dir/CheckFunctionExists.c.o -c /usr/share/cmake-3.18/Modules/CheckFunctionExists.c
Linking C executable cmTC_0124a
/usr/bin/cmake -E cmake_link_script CMakeFiles/cmTC_0124a.dir/link.txt --verbose=1
/usr/bin/cc  -fopenmp -DCHECK_FUNCTION_EXISTS=cheev_ -rdynamic CMakeFiles/cmTC_0124a.dir/CheckFunctionExists.c.o -o cmTC_0124a  /usr/lib/aarch64-linux-gnu/libblas.so -lm -ldl 
/usr/bin/ld: CMakeFiles/cmTC_0124a.dir/CheckFunctionExists.c.o: in function `main':
CheckFunctionExists.c:(.text+0x10): undefined reference to `cheev_'
collect2: error: ld returned 1 exit status
gmake[1]: *** [CMakeFiles/cmTC_0124a.dir/build.make:107: cmTC_0124a] Error 1
gmake[1]: Leaving directory '/home/pi/LTE-Cell-Scanner/build/CMakeFiles/CMakeTmp'
gmake: *** [Makefile:140: cmTC_0124a/fast] Error 2



Determining if the function pthread_create exists in the pthreads failed with the following output:
Change Dir: /home/pi/LTE-Cell-Scanner/build/CMakeFiles/CMakeTmp

Run Build Command(s):/usr/bin/gmake cmTC_dacba/fast && /usr/bin/gmake  -f CMakeFiles/cmTC_dacba.dir/build.make CMakeFiles/cmTC_dacba.dir/build
gmake[1]: Entering directory '/home/pi/LTE-Cell-Scanner/build/CMakeFiles/CMakeTmp'
Building C object CMakeFiles/cmTC_dacba.dir/CheckFunctionExists.c.o
/usr/bin/cc   -fopenmp -DCHECK_FUNCTION_EXISTS=pthread_create -o CMakeFiles/cmTC_dacba.dir/CheckFunctionExists.c.o -c /usr/share/cmake-3.18/Modules/CheckFunctionExists.c
Linking C executable cmTC_dacba
/usr/bin/cmake -E cmake_link_script CMakeFiles/cmTC_dacba.dir/link.txt --verbose=1
/usr/bin/cc  -fopenmp -DCHECK_FUNCTION_EXISTS=pthread_create -rdynamic CMakeFiles/cmTC_dacba.dir/CheckFunctionExists.c.o -o cmTC_dacba  -lpthreads 
/usr/bin/ld: cannot find -lpthreads
collect2: error: ld returned 1 exit status
gmake[1]: *** [CMakeFiles/cmTC_dacba.dir/build.make:106: cmTC_dacba] Error 1
gmake[1]: Leaving directory '/home/pi/LTE-Cell-Scanner/build/CMakeFiles/CMakeTmp'
gmake: *** [Makefile:140: cmTC_dacba/fast] Error 2



Determining if the function sgemm_ exists failed with the following output:
Change Dir: /home/pi/LTE-Cell-Scanner/build/CMakeFiles/CMakeTmp

Run Build Command(s):/usr/bin/gmake cmTC_39915/fast && /usr/bin/gmake  -f CMakeFiles/cmTC_39915.dir/build.make CMakeFiles/cmTC_39915.dir/build
gmake[1]: Entering directory '/home/pi/LTE-Cell-Scanner/build/CMakeFiles/CMakeTmp'
Building C object CMakeFiles/cmTC_39915.dir/CheckFunctionExists.c.o
/usr/bin/cc   -fopenmp -DCHECK_FUNCTION_EXISTS=sgemm_ -o CMakeFiles/cmTC_39915.dir/CheckFunctionExists.c.o -c /usr/share/cmake-3.18/Modules/CheckFunctionExists.c
Linking C executable cmTC_39915
/usr/bin/cmake -E cmake_link_script CMakeFiles/cmTC_39915.dir/link.txt --verbose=1
/usr/bin/cc  -fopenmp -DCHECK_FUNCTION_EXISTS=sgemm_ -rdynamic CMakeFiles/cmTC_39915.dir/CheckFunctionExists.c.o -o cmTC_39915 
/usr/bin/ld: CMakeFiles/cmTC_39915.dir/CheckFunctionExists.c.o: in function `main':
CheckFunctionExists.c:(.text+0x10): undefined reference to `sgemm_'
collect2: error: ld returned 1 exit status
gmake[1]: *** [CMakeFiles/cmTC_39915.dir/build.make:106: cmTC_39915] Error 1
gmake[1]: Leaving directory '/home/pi/LTE-Cell-Scanner/build/CMakeFiles/CMakeTmp'
gmake: *** [Makefile:140: cmTC_39915/fast] Error 2



Determining if the function cheev_ exists failed with the following output:
Change Dir: /home/pi/LTE-Cell-Scanner/build/CMakeFiles/CMakeTmp

Run Build Command(s):/usr/bin/gmake cmTC_210c8/fast && /usr/bin/gmake  -f CMakeFiles/cmTC_210c8.dir/build.make CMakeFiles/cmTC_210c8.dir/build
gmake[1]: Entering directory '/home/pi/LTE-Cell-Scanner/build/CMakeFiles/CMakeTmp'
Building C object CMakeFiles/cmTC_210c8.dir/CheckFunctionExists.c.o
/usr/bin/cc   -fopenmp -DCHECK_FUNCTION_EXISTS=cheev_ -o CMakeFiles/cmTC_210c8.dir/CheckFunctionExists.c.o -c /usr/share/cmake-3.18/Modules/CheckFunctionExists.c
Linking C executable cmTC_210c8
/usr/bin/cmake -E cmake_link_script CMakeFiles/cmTC_210c8.dir/link.txt --verbose=1
/usr/bin/cc  -fopenmp -DCHECK_FUNCTION_EXISTS=cheev_ -rdynamic CMakeFiles/cmTC_210c8.dir/CheckFunctionExists.c.o -o cmTC_210c8  /usr/lib/aarch64-linux-gnu/libblas.so -lm -ldl 
/usr/bin/ld: CMakeFiles/cmTC_210c8.dir/CheckFunctionExists.c.o: in function `main':
CheckFunctionExists.c:(.text+0x10): undefined reference to `cheev_'
collect2: error: ld returned 1 exit status
gmake[1]: *** [CMakeFiles/cmTC_210c8.dir/build.make:107: cmTC_210c8] Error 1
gmake[1]: Leaving directory '/home/pi/LTE-Cell-Scanner/build/CMakeFiles/CMakeTmp'
gmake: *** [Makefile:140: cmTC_210c8/fast] Error 2



Determining if the function pthread_create exists in the pthreads failed with the following output:
Change Dir: /home/pi/LTE-Cell-Scanner/build/CMakeFiles/CMakeTmp

Run Build Command(s):/usr/bin/gmake cmTC_166fd/fast && /usr/bin/gmake  -f CMakeFiles/cmTC_166fd.dir/build.make CMakeFiles/cmTC_166fd.dir/build
gmake[1]: Entering directory '/home/pi/LTE-Cell-Scanner/build/CMakeFiles/CMakeTmp'
Building C object CMakeFiles/cmTC_166fd.dir/CheckFunctionExists.c.o
/usr/bin/cc   -fopenmp -DCHECK_FUNCTION_EXISTS=pthread_create -o CMakeFiles/cmTC_166fd.dir/CheckFunctionExists.c.o -c /usr/share/cmake-3.18/Modules/CheckFunctionExists.c
Linking C executable cmTC_166fd
/usr/bin/cmake -E cmake_link_script CMakeFiles/cmTC_166fd.dir/link.txt --verbose=1
/usr/bin/cc  -fopenmp -DCHECK_FUNCTION_EXISTS=pthread_create -rdynamic CMakeFiles/cmTC_166fd.dir/CheckFunctionExists.c.o -o cmTC_166fd  -lpthreads 
/usr/bin/ld: cannot find -lpthreads
collect2: error: ld returned 1 exit status
gmake[1]: *** [CMakeFiles/cmTC_166fd.dir/build.make:106: cmTC_166fd] Error 1
gmake[1]: Leaving directory '/home/pi/LTE-Cell-Scanner/build/CMakeFiles/CMakeTmp'
gmake: *** [Makefile:140: cmTC_166fd/fast] Error 2



Determining if the function sgemm_ exists failed with the following output:
Change Dir: /home/pi/LTE-Cell-Scanner/build/CMakeFiles/CMakeTmp

Run Build Command(s):/usr/bin/gmake cmTC_a85eb/fast && /usr/bin/gmake  -f CMakeFiles/cmTC_a85eb.dir/build.make CMakeFiles/cmTC_a85eb.dir/build
gmake[1]: Entering directory '/home/pi/LTE-Cell-Scanner/build/CMakeFiles/CMakeTmp'
Building C object CMakeFiles/cmTC_a85eb.dir/CheckFunctionExists.c.o
/usr/bin/cc   -fopenmp -DCHECK_FUNCTION_EXISTS=sgemm_ -o CMakeFiles/cmTC_a85eb.dir/CheckFunctionExists.c.o -c /usr/share/cmake-3.18/Modules/CheckFunctionExists.c
Linking C executable cmTC_a85eb
/usr/bin/cmake -E cmake_link_script CMakeFiles/cmTC_a85eb.dir/link.txt --verbose=1
/usr/bin/cc  -fopenmp -DCHECK_FUNCTION_EXISTS=sgemm_ -rdynamic CMakeFiles/cmTC_a85eb.dir/CheckFunctionExists.c.o -o cmTC_a85eb 
/usr/bin/ld: CMakeFiles/cmTC_a85eb.dir/CheckFunctionExists.c.o: in function `main':
CheckFunctionExists.c:(.text+0x10): undefined reference to `sgemm_'
collect2: error: ld returned 1 exit status
gmake[1]: *** [CMakeFiles/cmTC_a85eb.dir/build.make:106: cmTC_a85eb] Error 1
gmake[1]: Leaving directory '/home/pi/LTE-Cell-Scanner/build/CMakeFiles/CMakeTmp'
gmake: *** [Makefile:140: cmTC_a85eb/fast] Error 2



Determining if the function cheev_ exists failed with the following output:
Change Dir: /home/pi/LTE-Cell-Scanner/build/CMakeFiles/CMakeTmp

Run Build Command(s):/usr/bin/gmake cmTC_aabce/fast && /usr/bin/gmake  -f CMakeFiles/cmTC_aabce.dir/build.make CMakeFiles/cmTC_aabce.dir/build
gmake[1]: Entering directory '/home/pi/LTE-Cell-Scanner/build/CMakeFiles/CMakeTmp'
Building C object CMakeFiles/cmTC_aabce.dir/CheckFunctionExists.c.o
/usr/bin/cc   -fopenmp -DCHECK_FUNCTION_EXISTS=cheev_ -o CMakeFiles/cmTC_aabce.dir/CheckFunctionExists.c.o -c /usr/share/cmake-3.18/Modules/CheckFunctionExists.c
Linking C executable cmTC_aabce
/usr/bin/cmake -E cmake_link_script CMakeFiles/cmTC_aabce.dir/link.txt --verbose=1
/usr/bin/cc  -fopenmp -DCHECK_FUNCTION_EXISTS=cheev_ -rdynamic CMakeFiles/cmTC_aabce.dir/CheckFunctionExists.c.o -o cmTC_aabce  /usr/lib/aarch64-linux-gnu/libblas.so -lm -ldl 
/usr/bin/ld: CMakeFiles/cmTC_aabce.dir/CheckFunctionExists.c.o: in function `main':
CheckFunctionExists.c:(.text+0x10): undefined reference to `cheev_'
collect2: error: ld returned 1 exit status
gmake[1]: *** [CMakeFiles/cmTC_aabce.dir/build.make:107: cmTC_aabce] Error 1
gmake[1]: Leaving directory '/home/pi/LTE-Cell-Scanner/build/CMakeFiles/CMakeTmp'
gmake: *** [Makefile:140: cmTC_aabce/fast] Error 2



Determining if the function pthread_create exists in the pthreads failed with the following output:
Change Dir: /home/pi/LTE-Cell-Scanner/build/CMakeFiles/CMakeTmp

Run Build Command(s):/usr/bin/gmake cmTC_c0889/fast && /usr/bin/gmake  -f CMakeFiles/cmTC_c0889.dir/build.make CMakeFiles/cmTC_c0889.dir/build
gmake[1]: Entering directory '/home/pi/LTE-Cell-Scanner/build/CMakeFiles/CMakeTmp'
Building C object CMakeFiles/cmTC_c0889.dir/CheckFunctionExists.c.o
/usr/bin/cc   -fopenmp -DCHECK_FUNCTION_EXISTS=pthread_create -o CMakeFiles/cmTC_c0889.dir/CheckFunctionExists.c.o -c /usr/share/cmake-3.18/Modules/CheckFunctionExists.c
Linking C executable cmTC_c0889
/usr/bin/cmake -E cmake_link_script CMakeFiles/cmTC_c0889.dir/link.txt --verbose=1
/usr/bin/cc  -fopenmp -DCHECK_FUNCTION_EXISTS=pthread_create -rdynamic CMakeFiles/cmTC_c0889.dir/CheckFunctionExists.c.o -o cmTC_c0889  -lpthreads 
/usr/bin/ld: cannot find -lpthreads
collect2: error: ld returned 1 exit status
gmake[1]: *** [CMakeFiles/cmTC_c0889.dir/build.make:106: cmTC_c0889] Error 1
gmake[1]: Leaving directory '/home/pi/LTE-Cell-Scanner/build/CMakeFiles/CMakeTmp'
gmake: *** [Makefile:140: cmTC_c0889/fast] Error 2



Determining if the function sgemm_ exists failed with the following output:
Change Dir: /home/pi/LTE-Cell-Scanner/build/CMakeFiles/CMakeTmp

Run Build Command(s):/usr/bin/gmake cmTC_e7d1c/fast && /usr/bin/gmake  -f CMakeFiles/cmTC_e7d1c.dir/build.make CMakeFiles/cmTC_e7d1c.dir/build
gmake[1]: Entering directory '/home/pi/LTE-Cell-Scanner/build/CMakeFiles/CMakeTmp'
Building C object CMakeFiles/cmTC_e7d1c.dir/CheckFunctionExists.c.o
/usr/bin/cc   -fopenmp -DCHECK_FUNCTION_EXISTS=sgemm_ -o CMakeFiles/cmTC_e7d1c.dir/CheckFunctionExists.c.o -c /usr/share/cmake-3.18/Modules/CheckFunctionExists.c
Linking C executable cmTC_e7d1c
/usr/bin/cmake -E cmake_link_script CMakeFiles/cmTC_e7d1c.dir/link.txt --verbose=1
/usr/bin/cc  -fopenmp -DCHECK_FUNCTION_EXISTS=sgemm_ -rdynamic CMakeFiles/cmTC_e7d1c.dir/CheckFunctionExists.c.o -o cmTC_e7d1c 
/usr/bin/ld: CMakeFiles/cmTC_e7d1c.dir/CheckFunctionExists.c.o: in function `main':
CheckFunctionExists.c:(.text+0x10): undefined reference to `sgemm_'
collect2: error: ld returned 1 exit status
gmake[1]: *** [CMakeFiles/cmTC_e7d1c.dir/build.make:106: cmTC_e7d1c] Error 1
gmake[1]: Leaving directory '/home/pi/LTE-Cell-Scanner/build/CMakeFiles/CMakeTmp'
gmake: *** [Makefile:140: cmTC_e7d1c/fast] Error 2



Determining if the function cheev_ exists failed with the following output:
Change Dir: /home/pi/LTE-Cell-Scanner/build/CMakeFiles/CMakeTmp

Run Build Command(s):/usr/bin/gmake cmTC_8d73c/fast && /usr/bin/gmake  -f CMakeFiles/cmTC_8d73c.dir/build.make CMakeFiles/cmTC_8d73c.dir/build
gmake[1]: Entering directory '/home/pi/LTE-Cell-Scanner/build/CMakeFiles/CMakeTmp'
Building C object CMakeFiles/cmTC_8d73c.dir/CheckFunctionExists.c.o
/usr/bin/cc   -fopenmp -DCHECK_FUNCTION_EXISTS=cheev_ -o CMakeFiles/cmTC_8d73c.dir/CheckFunctionExists.c.o -c /usr/share/cmake-3.18/Modules/CheckFunctionExists.c
Linking C executable cmTC_8d73c
/usr/bin/cmake -E cmake_link_script CMakeFiles/cmTC_8d73c.dir/link.txt --verbose=1
/usr/bin/cc  -fopenmp -DCHECK_FUNCTION_EXISTS=cheev_ -rdynamic CMakeFiles/cmTC_8d73c.dir/CheckFunctionExists.c.o -o cmTC_8d73c  /usr/lib/aarch64-linux-gnu/libblas.so -lm -ldl 
/usr/bin/ld: CMakeFiles/cmTC_8d73c.dir/CheckFunctionExists.c.o: in function `main':
CheckFunctionExists.c:(.text+0x10): undefined reference to `cheev_'
collect2: error: ld returned 1 exit status
gmake[1]: *** [CMakeFiles/cmTC_8d73c.dir/build.make:107: cmTC_8d73c] Error 1
gmake[1]: Leaving directory '/home/pi/LTE-Cell-Scanner/build/CMakeFiles/CMakeTmp'
gmake: *** [Makefile:140: cmTC_8d73c/fast] Error 2



Determining if the function pthread_create exists in the pthreads failed with the following output:
Change Dir: /home/pi/LTE-Cell-Scanner/build/CMakeFiles/CMakeTmp

Run Build Command(s):/usr/bin/gmake cmTC_78692/fast && /usr/bin/gmake  -f CMakeFiles/cmTC_78692.dir/build.make CMakeFiles/cmTC_78692.dir/build
gmake[1]: Entering directory '/home/pi/LTE-Cell-Scanner/build/CMakeFiles/CMakeTmp'
Building C object CMakeFiles/cmTC_78692.dir/CheckFunctionExists.c.o
/usr/bin/cc   -fopenmp -DCHECK_FUNCTION_EXISTS=pthread_create -o CMakeFiles/cmTC_78692.dir/CheckFunctionExists.c.o -c /usr/share/cmake-3.18/Modules/CheckFunctionExists.c
Linking C executable cmTC_78692
/usr/bin/cmake -E cmake_link_script CMakeFiles/cmTC_78692.dir/link.txt --verbose=1
/usr/bin/cc  -fopenmp -DCHECK_FUNCTION_EXISTS=pthread_create -rdynamic CMakeFiles/cmTC_78692.dir/CheckFunctionExists.c.o -o cmTC_78692  -lpthreads 
/usr/bin/ld: cannot find -lpthreads
collect2: error: ld returned 1 exit status
gmake[1]: *** [CMakeFiles/cmTC_78692.dir/build.make:106: cmTC_78692] Error 1
gmake[1]: Leaving directory '/home/pi/LTE-Cell-Scanner/build/CMakeFiles/CMakeTmp'
gmake: *** [Makefile:140: cmTC_78692/fast] Error 2



Determining if the function sgemm_ exists failed with the following output:
Change Dir: /home/pi/LTE-Cell-Scanner/build/CMakeFiles/CMakeTmp

Run Build Command(s):/usr/bin/gmake cmTC_268c8/fast && /usr/bin/gmake  -f CMakeFiles/cmTC_268c8.dir/build.make CMakeFiles/cmTC_268c8.dir/build
gmake[1]: Entering directory '/home/pi/LTE-Cell-Scanner/build/CMakeFiles/CMakeTmp'
Building C object CMakeFiles/cmTC_268c8.dir/CheckFunctionExists.c.o
/usr/bin/cc   -fopenmp -DCHECK_FUNCTION_EXISTS=sgemm_ -o CMakeFiles/cmTC_268c8.dir/CheckFunctionExists.c.o -c /usr/share/cmake-3.18/Modules/CheckFunctionExists.c
Linking C executable cmTC_268c8
/usr/bin/cmake -E cmake_link_script CMakeFiles/cmTC_268c8.dir/link.txt --verbose=1
/usr/bin/cc  -fopenmp -DCHECK_FUNCTION_EXISTS=sgemm_ -rdynamic CMakeFiles/cmTC_268c8.dir/CheckFunctionExists.c.o -o cmTC_268c8 
/usr/bin/ld: CMakeFiles/cmTC_268c8.dir/CheckFunctionExists.c.o: in function `main':
CheckFunctionExists.c:(.text+0x10): undefined reference to `sgemm_'
collect2: error: ld returned 1 exit status
gmake[1]: *** [CMakeFiles/cmTC_268c8.dir/build.make:106: cmTC_268c8] Error 1
gmake[1]: Leaving directory '/home/pi/LTE-Cell-Scanner/build/CMakeFiles/CMakeTmp'
gmake: *** [Makefile:140: cmTC_268c8/fast] Error 2



Determining if the function cheev_ exists failed with the following output:
Change Dir: /home/pi/LTE-Cell-Scanner/build/CMakeFiles/CMakeTmp

Run Build Command(s):/usr/bin/gmake cmTC_0af36/fast && /usr/bin/gmake  -f CMakeFiles/cmTC_0af36.dir/build.make CMakeFiles/cmTC_0af36.dir/build
gmake[1]: Entering directory '/home/pi/LTE-Cell-Scanner/build/CMakeFiles/CMakeTmp'
Building C object CMakeFiles/cmTC_0af36.dir/CheckFunctionExists.c.o
/usr/bin/cc   -fopenmp -DCHECK_FUNCTION_EXISTS=cheev_ -o CMakeFiles/cmTC_0af36.dir/CheckFunctionExists.c.o -c /usr/share/cmake-3.18/Modules/CheckFunctionExists.c
Linking C executable cmTC_0af36
/usr/bin/cmake -E cmake_link_script CMakeFiles/cmTC_0af36.dir/link.txt --verbose=1
/usr/bin/cc  -fopenmp -DCHECK_FUNCTION_EXISTS=cheev_ -rdynamic CMakeFiles/cmTC_0af36.dir/CheckFunctionExists.c.o -o cmTC_0af36  /usr/lib/aarch64-linux-gnu/libblas.so -lm -ldl 
/usr/bin/ld: CMakeFiles/cmTC_0af36.dir/CheckFunctionExists.c.o: in function `main':
CheckFunctionExists.c:(.text+0x10): undefined reference to `cheev_'
collect2: error: ld returned 1 exit status
gmake[1]: *** [CMakeFiles/cmTC_0af36.dir/build.make:107: cmTC_0af36] Error 1
gmake[1]: Leaving directory '/home/pi/LTE-Cell-Scanner/build/CMakeFiles/CMakeTmp'
gmake: *** [Makefile:140: cmTC_0af36/fast] Error 2



Determining if the function pthread_create exists in the pthreads failed with the following output:
Change Dir: /home/pi/LTE-Cell-Scanner/build/CMakeFiles/CMakeTmp

Run Build Command(s):/usr/bin/gmake cmTC_d1119/fast && /usr/bin/gmake  -f CMakeFiles/cmTC_d1119.dir/build.make CMakeFiles/cmTC_d1119.dir/build
gmake[1]: Entering directory '/home/pi/LTE-Cell-Scanner/build/CMakeFiles/CMakeTmp'
Building C object CMakeFiles/cmTC_d1119.dir/CheckFunctionExists.c.o
/usr/bin/cc   -fopenmp -DCHECK_FUNCTION_EXISTS=pthread_create -o CMakeFiles/cmTC_d1119.dir/CheckFunctionExists.c.o -c /usr/share/cmake-3.18/Modules/CheckFunctionExists.c
Linking C executable cmTC_d1119
/usr/bin/cmake -E cmake_link_script CMakeFiles/cmTC_d1119.dir/link.txt --verbose=1
/usr/bin/cc  -fopenmp -DCHECK_FUNCTION_EXISTS=pthread_create -rdynamic CMakeFiles/cmTC_d1119.dir/CheckFunctionExists.c.o -o cmTC_d1119  -lpthreads 
/usr/bin/ld: cannot find -lpthreads
collect2: error: ld returned 1 exit status
gmake[1]: *** [CMakeFiles/cmTC_d1119.dir/build.make:106: cmTC_d1119] Error 1
gmake[1]: Leaving directory '/home/pi/LTE-Cell-Scanner/build/CMakeFiles/CMakeTmp'
gmake: *** [Makefile:140: cmTC_d1119/fast] Error 2



Determining if the function sgemm_ exists failed with the following output:
Change Dir: /home/pi/LTE-Cell-Scanner/build/CMakeFiles/CMakeTmp

Run Build Command(s):/usr/bin/gmake cmTC_60137/fast && /usr/bin/gmake  -f CMakeFiles/cmTC_60137.dir/build.make CMakeFiles/cmTC_60137.dir/build
gmake[1]: Entering directory '/home/pi/LTE-Cell-Scanner/build/CMakeFiles/CMakeTmp'
Building C object CMakeFiles/cmTC_60137.dir/CheckFunctionExists.c.o
/usr/bin/cc   -fopenmp -DCHECK_FUNCTION_EXISTS=sgemm_ -o CMakeFiles/cmTC_60137.dir/CheckFunctionExists.c.o -c /usr/share/cmake-3.18/Modules/CheckFunctionExists.c
Linking C executable cmTC_60137
/usr/bin/cmake -E cmake_link_script CMakeFiles/cmTC_60137.dir/link.txt --verbose=1
/usr/bin/cc  -fopenmp -DCHECK_FUNCTION_EXISTS=sgemm_ -rdynamic CMakeFiles/cmTC_60137.dir/CheckFunctionExists.c.o -o cmTC_60137 
/usr/bin/ld: CMakeFiles/cmTC_60137.dir/CheckFunctionExists.c.o: in function `main':
CheckFunctionExists.c:(.text+0x10): undefined reference to `sgemm_'
collect2: error: ld returned 1 exit status
gmake[1]: *** [CMakeFiles/cmTC_60137.dir/build.make:106: cmTC_60137] Error 1
gmake[1]: Leaving directory '/home/pi/LTE-Cell-Scanner/build/CMakeFiles/CMakeTmp'
gmake: *** [Makefile:140: cmTC_60137/fast] Error 2



Determining if the function cheev_ exists failed with the following output:
Change Dir: /home/pi/LTE-Cell-Scanner/build/CMakeFiles/CMakeTmp

Run Build Command(s):/usr/bin/gmake cmTC_42468/fast && /usr/bin/gmake  -f CMakeFiles/cmTC_42468.dir/build.make CMakeFiles/cmTC_42468.dir/build
gmake[1]: Entering directory '/home/pi/LTE-Cell-Scanner/build/CMakeFiles/CMakeTmp'
Building C object CMakeFiles/cmTC_42468.dir/CheckFunctionExists.c.o
/usr/bin/cc   -fopenmp -DCHECK_FUNCTION_EXISTS=cheev_ -o CMakeFiles/cmTC_42468.dir/CheckFunctionExists.c.o -c /usr/share/cmake-3.18/Modules/CheckFunctionExists.c
Linking C executable cmTC_42468
/usr/bin/cmake -E cmake_link_script CMakeFiles/cmTC_42468.dir/link.txt --verbose=1
/usr/bin/cc  -fopenmp -DCHECK_FUNCTION_EXISTS=cheev_ -rdynamic CMakeFiles/cmTC_42468.dir/CheckFunctionExists.c.o -o cmTC_42468  /usr/lib/aarch64-linux-gnu/libblas.so -lm -ldl 
/usr/bin/ld: CMakeFiles/cmTC_42468.dir/CheckFunctionExists.c.o: in function `main':
CheckFunctionExists.c:(.text+0x10): undefined reference to `cheev_'
collect2: error: ld returned 1 exit status
gmake[1]: *** [CMakeFiles/cmTC_42468.dir/build.make:107: cmTC_42468] Error 1
gmake[1]: Leaving directory '/home/pi/LTE-Cell-Scanner/build/CMakeFiles/CMakeTmp'
gmake: *** [Makefile:140: cmTC_42468/fast] Error 2



Determining if the function pthread_create exists in the pthreads failed with the following output:
Change Dir: /home/pi/LTE-Cell-Scanner/build/CMakeFiles/CMakeTmp

Run Build Command(s):/usr/bin/gmake cmTC_a0118/fast && /usr/bin/gmake  -f CMakeFiles/cmTC_a0118.dir/build.make CMakeFiles/cmTC_a0118.dir/build
gmake[1]: Entering directory '/home/pi/LTE-Cell-Scanner/build/CMakeFiles/CMakeTmp'
Building C object CMakeFiles/cmTC_a0118.dir/CheckFunctionExists.c.o
/usr/bin/cc   -fopenmp -DCHECK_FUNCTION_EXISTS=pthread_create -o CMakeFiles/cmTC_a0118.dir/CheckFunctionExists.c.o -c /usr/share/cmake-3.18/Modules/CheckFunctionExists.c
Linking C executable cmTC_a0118
/usr/bin/cmake -E cmake_link_script CMakeFiles/cmTC_a0118.dir/link.txt --verbose=1
/usr/bin/cc  -fopenmp -DCHECK_FUNCTION_EXISTS=pthread_create -rdynamic CMakeFiles/cmTC_a0118.dir/CheckFunctionExists.c.o -o cmTC_a0118  -lpthreads 
/usr/bin/ld: cannot find -lpthreads
collect2: error: ld returned 1 exit status
gmake[1]: *** [CMakeFiles/cmTC_a0118.dir/build.make:106: cmTC_a0118] Error 1
gmake[1]: Leaving directory '/home/pi/LTE-Cell-Scanner/build/CMakeFiles/CMakeTmp'
gmake: *** [Makefile:140: cmTC_a0118/fast] Error 2



Determining if the function sgemm_ exists failed with the following output:
Change Dir: /home/pi/LTE-Cell-Scanner/build/CMakeFiles/CMakeTmp

Run Build Command(s):/usr/bin/gmake cmTC_d5b90/fast && /usr/bin/gmake  -f CMakeFiles/cmTC_d5b90.dir/build.make CMakeFiles/cmTC_d5b90.dir/build
gmake[1]: Entering directory '/home/pi/LTE-Cell-Scanner/build/CMakeFiles/CMakeTmp'
Building C object CMakeFiles/cmTC_d5b90.dir/CheckFunctionExists.c.o
/usr/bin/cc   -fopenmp -DCHECK_FUNCTION_EXISTS=sgemm_ -o CMakeFiles/cmTC_d5b90.dir/CheckFunctionExists.c.o -c /usr/share/cmake-3.18/Modules/CheckFunctionExists.c
Linking C executable cmTC_d5b90
/usr/bin/cmake -E cmake_link_script CMakeFiles/cmTC_d5b90.dir/link.txt --verbose=1
/usr/bin/cc  -fopenmp -DCHECK_FUNCTION_EXISTS=sgemm_ -rdynamic CMakeFiles/cmTC_d5b90.dir/CheckFunctionExists.c.o -o cmTC_d5b90 
/usr/bin/ld: CMakeFiles/cmTC_d5b90.dir/CheckFunctionExists.c.o: in function `main':
CheckFunctionExists.c:(.text+0x10): undefined reference to `sgemm_'
collect2: error: ld returned 1 exit status
gmake[1]: *** [CMakeFiles/cmTC_d5b90.dir/build.make:106: cmTC_d5b90] Error 1
gmake[1]: Leaving directory '/home/pi/LTE-Cell-Scanner/build/CMakeFiles/CMakeTmp'
gmake: *** [Makefile:140: cmTC_d5b90/fast] Error 2



Determining if the function cheev_ exists failed with the following output:
Change Dir: /home/pi/LTE-Cell-Scanner/build/CMakeFiles/CMakeTmp

Run Build Command(s):/usr/bin/gmake cmTC_18203/fast && /usr/bin/gmake  -f CMakeFiles/cmTC_18203.dir/build.make CMakeFiles/cmTC_18203.dir/build
gmake[1]: Entering directory '/home/pi/LTE-Cell-Scanner/build/CMakeFiles/CMakeTmp'
Building C object CMakeFiles/cmTC_18203.dir/CheckFunctionExists.c.o
/usr/bin/cc   -fopenmp -DCHECK_FUNCTION_EXISTS=cheev_ -o CMakeFiles/cmTC_18203.dir/CheckFunctionExists.c.o -c /usr/share/cmake-3.18/Modules/CheckFunctionExists.c
Linking C executable cmTC_18203
/usr/bin/cmake -E cmake_link_script CMakeFiles/cmTC_18203.dir/link.txt --verbose=1
/usr/bin/cc  -fopenmp -DCHECK_FUNCTION_EXISTS=cheev_ -rdynamic CMakeFiles/cmTC_18203.dir/CheckFunctionExists.c.o -o cmTC_18203  /usr/lib/aarch64-linux-gnu/libblas.so -lm -ldl 
/usr/bin/ld: CMakeFiles/cmTC_18203.dir/CheckFunctionExists.c.o: in function `main':
CheckFunctionExists.c:(.text+0x10): undefined reference to `cheev_'
collect2: error: ld returned 1 exit status
gmake[1]: *** [CMakeFiles/cmTC_18203.dir/build.make:107: cmTC_18203] Error 1
gmake[1]: Leaving directory '/home/pi/LTE-Cell-Scanner/build/CMakeFiles/CMakeTmp'
gmake: *** [Makefile:140: cmTC_18203/fast] Error 2



Determining if the function pthread_create exists in the pthreads failed with the following output:
Change Dir: /home/pi/LTE-Cell-Scanner/build/CMakeFiles/CMakeTmp

Run Build Command(s):/usr/bin/gmake cmTC_f7d38/fast && /usr/bin/gmake  -f CMakeFiles/cmTC_f7d38.dir/build.make CMakeFiles/cmTC_f7d38.dir/build
gmake[1]: Entering directory '/home/pi/LTE-Cell-Scanner/build/CMakeFiles/CMakeTmp'
Building C object CMakeFiles/cmTC_f7d38.dir/CheckFunctionExists.c.o
/usr/bin/cc   -fopenmp -DCHECK_FUNCTION_EXISTS=pthread_create -o CMakeFiles/cmTC_f7d38.dir/CheckFunctionExists.c.o -c /usr/share/cmake-3.18/Modules/CheckFunctionExists.c
Linking C executable cmTC_f7d38
/usr/bin/cmake -E cmake_link_script CMakeFiles/cmTC_f7d38.dir/link.txt --verbose=1
/usr/bin/cc  -fopenmp -DCHECK_FUNCTION_EXISTS=pthread_create -rdynamic CMakeFiles/cmTC_f7d38.dir/CheckFunctionExists.c.o -o cmTC_f7d38  -lpthreads 
/usr/bin/ld: cannot find -lpthreads
collect2: error: ld returned 1 exit status
gmake[1]: *** [CMakeFiles/cmTC_f7d38.dir/build.make:106: cmTC_f7d38] Error 1
gmake[1]: Leaving directory '/home/pi/LTE-Cell-Scanner/build/CMakeFiles/CMakeTmp'
gmake: *** [Makefile:140: cmTC_f7d38/fast] Error 2



Determining if the function sgemm_ exists failed with the following output:
Change Dir: /home/pi/LTE-Cell-Scanner/build/CMakeFiles/CMakeTmp

Run Build Command(s):/usr/bin/gmake cmTC_57e36/fast && /usr/bin/gmake  -f CMakeFiles/cmTC_57e36.dir/build.make CMakeFiles/cmTC_57e36.dir/build
gmake[1]: Entering directory '/home/pi/LTE-Cell-Scanner/build/CMakeFiles/CMakeTmp'
Building C object CMakeFiles/cmTC_57e36.dir/CheckFunctionExists.c.o
/usr/bin/cc   -fopenmp -DCHECK_FUNCTION_EXISTS=sgemm_ -o CMakeFiles/cmTC_57e36.dir/CheckFunctionExists.c.o -c /usr/share/cmake-3.18/Modules/CheckFunctionExists.c
Linking C executable cmTC_57e36
/usr/bin/cmake -E cmake_link_script CMakeFiles/cmTC_57e36.dir/link.txt --verbose=1
/usr/bin/cc  -fopenmp -DCHECK_FUNCTION_EXISTS=sgemm_ -rdynamic CMakeFiles/cmTC_57e36.dir/CheckFunctionExists.c.o -o cmTC_57e36 
/usr/bin/ld: CMakeFiles/cmTC_57e36.dir/CheckFunctionExists.c.o: in function `main':
CheckFunctionExists.c:(.text+0x10): undefined reference to `sgemm_'
collect2: error: ld returned 1 exit status
gmake[1]: *** [CMakeFiles/cmTC_57e36.dir/build.make:106: cmTC_57e36] Error 1
gmake[1]: Leaving directory '/home/pi/LTE-Cell-Scanner/build/CMakeFiles/CMakeTmp'
gmake: *** [Makefile:140: cmTC_57e36/fast] Error 2



Determining if the function cheev_ exists failed with the following output:
Change Dir: /home/pi/LTE-Cell-Scanner/build/CMakeFiles/CMakeTmp

Run Build Command(s):/usr/bin/gmake cmTC_a0ebb/fast && /usr/bin/gmake  -f CMakeFiles/cmTC_a0ebb.dir/build.make CMakeFiles/cmTC_a0ebb.dir/build
gmake[1]: Entering directory '/home/pi/LTE-Cell-Scanner/build/CMakeFiles/CMakeTmp'
Building C object CMakeFiles/cmTC_a0ebb.dir/CheckFunctionExists.c.o
/usr/bin/cc   -fopenmp -DCHECK_FUNCTION_EXISTS=cheev_ -o CMakeFiles/cmTC_a0ebb.dir/CheckFunctionExists.c.o -c /usr/share/cmake-3.18/Modules/CheckFunctionExists.c
Linking C executable cmTC_a0ebb
/usr/bin/cmake -E cmake_link_script CMakeFiles/cmTC_a0ebb.dir/link.txt --verbose=1
/usr/bin/cc  -fopenmp -DCHECK_FUNCTION_EXISTS=cheev_ -rdynamic CMakeFiles/cmTC_a0ebb.dir/CheckFunctionExists.c.o -o cmTC_a0ebb  /usr/lib/aarch64-linux-gnu/libblas.so -lm -ldl 
/usr/bin/ld: CMakeFiles/cmTC_a0ebb.dir/CheckFunctionExists.c.o: in function `main':
CheckFunctionExists.c:(.text+0x10): undefined reference to `cheev_'
collect2: error: ld returned 1 exit status
gmake[1]: *** [CMakeFiles/cmTC_a0ebb.dir/build.make:107: cmTC_a0ebb] Error 1
gmake[1]: Leaving directory '/home/pi/LTE-Cell-Scanner/build/CMakeFiles/CMakeTmp'
gmake: *** [Makefile:140: cmTC_a0ebb/fast] Error 2



Determining if the function pthread_create exists in the pthreads failed with the following output:
Change Dir: /home/pi/LTE-Cell-Scanner/build/CMakeFiles/CMakeTmp

Run Build Command(s):/usr/bin/gmake cmTC_a8a7c/fast && /usr/bin/gmake  -f CMakeFiles/cmTC_a8a7c.dir/build.make CMakeFiles/cmTC_a8a7c.dir/build
gmake[1]: Entering directory '/home/pi/LTE-Cell-Scanner/build/CMakeFiles/CMakeTmp'
Building C object CMakeFiles/cmTC_a8a7c.dir/CheckFunctionExists.c.o
/usr/bin/cc   -fopenmp -DCHECK_FUNCTION_EXISTS=pthread_create -o CMakeFiles/cmTC_a8a7c.dir/CheckFunctionExists.c.o -c /usr/share/cmake-3.18/Modules/CheckFunctionExists.c
Linking C executable cmTC_a8a7c
/usr/bin/cmake -E cmake_link_script CMakeFiles/cmTC_a8a7c.dir/link.txt --verbose=1
/usr/bin/cc  -fopenmp -DCHECK_FUNCTION_EXISTS=pthread_create -rdynamic CMakeFiles/cmTC_a8a7c.dir/CheckFunctionExists.c.o -o cmTC_a8a7c  -lpthreads 
/usr/bin/ld: cannot find -lpthreads
collect2: error: ld returned 1 exit status
gmake[1]: *** [CMakeFiles/cmTC_a8a7c.dir/build.make:106: cmTC_a8a7c] Error 1
gmake[1]: Leaving directory '/home/pi/LTE-Cell-Scanner/build/CMakeFiles/CMakeTmp'
gmake: *** [Makefile:140: cmTC_a8a7c/fast] Error 2



Determining if the function sgemm_ exists failed with the following output:
Change Dir: /home/pi/LTE-Cell-Scanner/build/CMakeFiles/CMakeTmp

Run Build Command(s):/usr/bin/gmake cmTC_35a53/fast && /usr/bin/gmake  -f CMakeFiles/cmTC_35a53.dir/build.make CMakeFiles/cmTC_35a53.dir/build
gmake[1]: Entering directory '/home/pi/LTE-Cell-Scanner/build/CMakeFiles/CMakeTmp'
Building C object CMakeFiles/cmTC_35a53.dir/CheckFunctionExists.c.o
/usr/bin/cc   -fopenmp -DCHECK_FUNCTION_EXISTS=sgemm_ -o CMakeFiles/cmTC_35a53.dir/CheckFunctionExists.c.o -c /usr/share/cmake-3.18/Modules/CheckFunctionExists.c
Linking C executable cmTC_35a53
/usr/bin/cmake -E cmake_link_script CMakeFiles/cmTC_35a53.dir/link.txt --verbose=1
/usr/bin/cc  -fopenmp -DCHECK_FUNCTION_EXISTS=sgemm_ -rdynamic CMakeFiles/cmTC_35a53.dir/CheckFunctionExists.c.o -o cmTC_35a53 
/usr/bin/ld: CMakeFiles/cmTC_35a53.dir/CheckFunctionExists.c.o: in function `main':
CheckFunctionExists.c:(.text+0x10): undefined reference to `sgemm_'
collect2: error: ld returned 1 exit status
gmake[1]: *** [CMakeFiles/cmTC_35a53.dir/build.make:106: cmTC_35a53] Error 1
gmake[1]: Leaving directory '/home/pi/LTE-Cell-Scanner/build/CMakeFiles/CMakeTmp'
gmake: *** [Makefile:140: cmTC_35a53/fast] Error 2



Determining if the function cheev_ exists failed with the following output:
Change Dir: /home/pi/LTE-Cell-Scanner/build/CMakeFiles/CMakeTmp

Run Build Command(s):/usr/bin/gmake cmTC_3bd96/fast && /usr/bin/gmake  -f CMakeFiles/cmTC_3bd96.dir/build.make CMakeFiles/cmTC_3bd96.dir/build
gmake[1]: Entering directory '/home/pi/LTE-Cell-Scanner/build/CMakeFiles/CMakeTmp'
Building C object CMakeFiles/cmTC_3bd96.dir/CheckFunctionExists.c.o
/usr/bin/cc   -fopenmp -DCHECK_FUNCTION_EXISTS=cheev_ -o CMakeFiles/cmTC_3bd96.dir/CheckFunctionExists.c.o -c /usr/share/cmake-3.18/Modules/CheckFunctionExists.c
Linking C executable cmTC_3bd96
/usr/bin/cmake -E cmake_link_script CMakeFiles/cmTC_3bd96.dir/link.txt --verbose=1
/usr/bin/cc  -fopenmp -DCHECK_FUNCTION_EXISTS=cheev_ -rdynamic CMakeFiles/cmTC_3bd96.dir/CheckFunctionExists.c.o -o cmTC_3bd96  /usr/lib/aarch64-linux-gnu/libblas.so -lm -ldl 
/usr/bin/ld: CMakeFiles/cmTC_3bd96.dir/CheckFunctionExists.c.o: in function `main':
CheckFunctionExists.c:(.text+0x10): undefined reference to `cheev_'
collect2: error: ld returned 1 exit status
gmake[1]: *** [CMakeFiles/cmTC_3bd96.dir/build.make:107: cmTC_3bd96] Error 1
gmake[1]: Leaving directory '/home/pi/LTE-Cell-Scanner/build/CMakeFiles/CMakeTmp'
gmake: *** [Makefile:140: cmTC_3bd96/fast] Error 2



Determining if the function pthread_create exists in the pthreads failed with the following output:
Change Dir: /home/pi/LTE-Cell-Scanner/build/CMakeFiles/CMakeTmp

Run Build Command(s):/usr/bin/gmake cmTC_59a1d/fast && /usr/bin/gmake  -f CMakeFiles/cmTC_59a1d.dir/build.make CMakeFiles/cmTC_59a1d.dir/build
gmake[1]: Entering directory '/home/pi/LTE-Cell-Scanner/build/CMakeFiles/CMakeTmp'
Building C object CMakeFiles/cmTC_59a1d.dir/CheckFunctionExists.c.o
/usr/bin/cc   -fopenmp -DCHECK_FUNCTION_EXISTS=pthread_create -o CMakeFiles/cmTC_59a1d.dir/CheckFunctionExists.c.o -c /usr/share/cmake-3.18/Modules/CheckFunctionExists.c
Linking C executable cmTC_59a1d
/usr/bin/cmake -E cmake_link_script CMakeFiles/cmTC_59a1d.dir/link.txt --verbose=1
/usr/bin/cc  -fopenmp -DCHECK_FUNCTION_EXISTS=pthread_create -rdynamic CMakeFiles/cmTC_59a1d.dir/CheckFunctionExists.c.o -o cmTC_59a1d  -lpthreads 
/usr/bin/ld: cannot find -lpthreads
collect2: error: ld returned 1 exit status
gmake[1]: *** [CMakeFiles/cmTC_59a1d.dir/build.make:106: cmTC_59a1d] Error 1
gmake[1]: Leaving directory '/home/pi/LTE-Cell-Scanner/build/CMakeFiles/CMakeTmp'
gmake: *** [Makefile:140: cmTC_59a1d/fast] Error 2



Determining if the function sgemm_ exists failed with the following output:
Change Dir: /home/pi/LTE-Cell-Scanner/build/CMakeFiles/CMakeTmp

Run Build Command(s):/usr/bin/gmake cmTC_a8594/fast && /usr/bin/gmake  -f CMakeFiles/cmTC_a8594.dir/build.make CMakeFiles/cmTC_a8594.dir/build
gmake[1]: Entering directory '/home/pi/LTE-Cell-Scanner/build/CMakeFiles/CMakeTmp'
Building C object CMakeFiles/cmTC_a8594.dir/CheckFunctionExists.c.o
/usr/bin/cc   -fopenmp -DCHECK_FUNCTION_EXISTS=sgemm_ -o CMakeFiles/cmTC_a8594.dir/CheckFunctionExists.c.o -c /usr/share/cmake-3.18/Modules/CheckFunctionExists.c
Linking C executable cmTC_a8594
/usr/bin/cmake -E cmake_link_script CMakeFiles/cmTC_a8594.dir/link.txt --verbose=1
/usr/bin/cc  -fopenmp -DCHECK_FUNCTION_EXISTS=sgemm_ -rdynamic CMakeFiles/cmTC_a8594.dir/CheckFunctionExists.c.o -o cmTC_a8594 
/usr/bin/ld: CMakeFiles/cmTC_a8594.dir/CheckFunctionExists.c.o: in function `main':
CheckFunctionExists.c:(.text+0x10): undefined reference to `sgemm_'
collect2: error: ld returned 1 exit status
gmake[1]: *** [CMakeFiles/cmTC_a8594.dir/build.make:106: cmTC_a8594] Error 1
gmake[1]: Leaving directory '/home/pi/LTE-Cell-Scanner/build/CMakeFiles/CMakeTmp'
gmake: *** [Makefile:140: cmTC_a8594/fast] Error 2



Determining if the function cheev_ exists failed with the following output:
Change Dir: /home/pi/LTE-Cell-Scanner/build/CMakeFiles/CMakeTmp

Run Build Command(s):/usr/bin/gmake cmTC_46fb0/fast && /usr/bin/gmake  -f CMakeFiles/cmTC_46fb0.dir/build.make CMakeFiles/cmTC_46fb0.dir/build
gmake[1]: Entering directory '/home/pi/LTE-Cell-Scanner/build/CMakeFiles/CMakeTmp'
Building C object CMakeFiles/cmTC_46fb0.dir/CheckFunctionExists.c.o
/usr/bin/cc   -fopenmp -DCHECK_FUNCTION_EXISTS=cheev_ -o CMakeFiles/cmTC_46fb0.dir/CheckFunctionExists.c.o -c /usr/share/cmake-3.18/Modules/CheckFunctionExists.c
Linking C executable cmTC_46fb0
/usr/bin/cmake -E cmake_link_script CMakeFiles/cmTC_46fb0.dir/link.txt --verbose=1
/usr/bin/cc  -fopenmp -DCHECK_FUNCTION_EXISTS=cheev_ -rdynamic CMakeFiles/cmTC_46fb0.dir/CheckFunctionExists.c.o -o cmTC_46fb0  /usr/lib/aarch64-linux-gnu/libblas.so -lm -ldl 
/usr/bin/ld: CMakeFiles/cmTC_46fb0.dir/CheckFunctionExists.c.o: in function `main':
CheckFunctionExists.c:(.text+0x10): undefined reference to `cheev_'
collect2: error: ld returned 1 exit status
gmake[1]: *** [CMakeFiles/cmTC_46fb0.dir/build.make:107: cmTC_46fb0] Error 1
gmake[1]: Leaving directory '/home/pi/LTE-Cell-Scanner/build/CMakeFiles/CMakeTmp'
gmake: *** [Makefile:140: cmTC_46fb0/fast] Error 2



Determining if the function pthread_create exists in the pthreads failed with the following output:
Change Dir: /home/pi/LTE-Cell-Scanner/build/CMakeFiles/CMakeTmp

Run Build Command(s):/usr/bin/gmake cmTC_470a2/fast && /usr/bin/gmake  -f CMakeFiles/cmTC_470a2.dir/build.make CMakeFiles/cmTC_470a2.dir/build
gmake[1]: Entering directory '/home/pi/LTE-Cell-Scanner/build/CMakeFiles/CMakeTmp'
Building C object CMakeFiles/cmTC_470a2.dir/CheckFunctionExists.c.o
/usr/bin/cc   -fopenmp -DCHECK_FUNCTION_EXISTS=pthread_create -o CMakeFiles/cmTC_470a2.dir/CheckFunctionExists.c.o -c /usr/share/cmake-3.18/Modules/CheckFunctionExists.c
Linking C executable cmTC_470a2
/usr/bin/cmake -E cmake_link_script CMakeFiles/cmTC_470a2.dir/link.txt --verbose=1
/usr/bin/cc  -fopenmp -DCHECK_FUNCTION_EXISTS=pthread_create -rdynamic CMakeFiles/cmTC_470a2.dir/CheckFunctionExists.c.o -o cmTC_470a2  -lpthreads 
/usr/bin/ld: cannot find -lpthreads
collect2: error: ld returned 1 exit status
gmake[1]: *** [CMakeFiles/cmTC_470a2.dir/build.make:106: cmTC_470a2] Error 1
gmake[1]: Leaving directory '/home/pi/LTE-Cell-Scanner/build/CMakeFiles/CMakeTmp'
gmake: *** [Makefile:140: cmTC_470a2/fast] Error 2



Determining if the function sgemm_ exists failed with the following output:
Change Dir: /home/pi/LTE-Cell-Scanner/build/CMakeFiles/CMakeTmp

Run Build Command(s):/usr/bin/gmake cmTC_8f13b/fast && /usr/bin/gmake  -f CMakeFiles/cmTC_8f13b.dir/build.make CMakeFiles/cmTC_8f13b.dir/build
gmake[1]: Entering directory '/home/pi/LTE-Cell-Scanner/build/CMakeFiles/CMakeTmp'
Building C object CMakeFiles/cmTC_8f13b.dir/CheckFunctionExists.c.o
/usr/bin/cc   -fopenmp -DCHECK_FUNCTION_EXISTS=sgemm_ -o CMakeFiles/cmTC_8f13b.dir/CheckFunctionExists.c.o -c /usr/share/cmake-3.18/Modules/CheckFunctionExists.c
Linking C executable cmTC_8f13b
/usr/bin/cmake -E cmake_link_script CMakeFiles/cmTC_8f13b.dir/link.txt --verbose=1
/usr/bin/cc  -fopenmp -DCHECK_FUNCTION_EXISTS=sgemm_ -rdynamic CMakeFiles/cmTC_8f13b.dir/CheckFunctionExists.c.o -o cmTC_8f13b 
/usr/bin/ld: CMakeFiles/cmTC_8f13b.dir/CheckFunctionExists.c.o: in function `main':
CheckFunctionExists.c:(.text+0x10): undefined reference to `sgemm_'
collect2: error: ld returned 1 exit status
gmake[1]: *** [CMakeFiles/cmTC_8f13b.dir/build.make:106: cmTC_8f13b] Error 1
gmake[1]: Leaving directory '/home/pi/LTE-Cell-Scanner/build/CMakeFiles/CMakeTmp'
gmake: *** [Makefile:140: cmTC_8f13b/fast] Error 2



Determining if the function cheev_ exists failed with the following output:
Change Dir: /home/pi/LTE-Cell-Scanner/build/CMakeFiles/CMakeTmp

Run Build Command(s):/usr/bin/gmake cmTC_e5581/fast && /usr/bin/gmake  -f CMakeFiles/cmTC_e5581.dir/build.make CMakeFiles/cmTC_e5581.dir/build
gmake[1]: Entering directory '/home/pi/LTE-Cell-Scanner/build/CMakeFiles/CMakeTmp'
Building C object CMakeFiles/cmTC_e5581.dir/CheckFunctionExists.c.o
/usr/bin/cc   -fopenmp -DCHECK_FUNCTION_EXISTS=cheev_ -o CMakeFiles/cmTC_e5581.dir/CheckFunctionExists.c.o -c /usr/share/cmake-3.18/Modules/CheckFunctionExists.c
Linking C executable cmTC_e5581
/usr/bin/cmake -E cmake_link_script CMakeFiles/cmTC_e5581.dir/link.txt --verbose=1
/usr/bin/cc  -fopenmp -DCHECK_FUNCTION_EXISTS=cheev_ -rdynamic CMakeFiles/cmTC_e5581.dir/CheckFunctionExists.c.o -o cmTC_e5581  /usr/lib/aarch64-linux-gnu/libblas.so -lm -ldl 
/usr/bin/ld: CMakeFiles/cmTC_e5581.dir/CheckFunctionExists.c.o: in function `main':
CheckFunctionExists.c:(.text+0x10): undefined reference to `cheev_'
collect2: error: ld returned 1 exit status
gmake[1]: *** [CMakeFiles/cmTC_e5581.dir/build.make:107: cmTC_e5581] Error 1
gmake[1]: Leaving directory '/home/pi/LTE-Cell-Scanner/build/CMakeFiles/CMakeTmp'
gmake: *** [Makefile:140: cmTC_e5581/fast] Error 2



Determining if the function pthread_create exists in the pthreads failed with the following output:
Change Dir: /home/pi/LTE-Cell-Scanner/build/CMakeFiles/CMakeTmp

Run Build Command(s):/usr/bin/gmake cmTC_ee714/fast && /usr/bin/gmake  -f CMakeFiles/cmTC_ee714.dir/build.make CMakeFiles/cmTC_ee714.dir/build
gmake[1]: Entering directory '/home/pi/LTE-Cell-Scanner/build/CMakeFiles/CMakeTmp'
Building C object CMakeFiles/cmTC_ee714.dir/CheckFunctionExists.c.o
/usr/bin/cc   -fopenmp -DCHECK_FUNCTION_EXISTS=pthread_create -o CMakeFiles/cmTC_ee714.dir/CheckFunctionExists.c.o -c /usr/share/cmake-3.18/Modules/CheckFunctionExists.c
Linking C executable cmTC_ee714
/usr/bin/cmake -E cmake_link_script CMakeFiles/cmTC_ee714.dir/link.txt --verbose=1
/usr/bin/cc  -fopenmp -DCHECK_FUNCTION_EXISTS=pthread_create -rdynamic CMakeFiles/cmTC_ee714.dir/CheckFunctionExists.c.o -o cmTC_ee714  -lpthreads 
/usr/bin/ld: cannot find -lpthreads
collect2: error: ld returned 1 exit status
gmake[1]: *** [CMakeFiles/cmTC_ee714.dir/build.make:106: cmTC_ee714] Error 1
gmake[1]: Leaving directory '/home/pi/LTE-Cell-Scanner/build/CMakeFiles/CMakeTmp'
gmake: *** [Makefile:140: cmTC_ee714/fast] Error 2



Determining if the function sgemm_ exists failed with the following output:
Change Dir: /home/pi/LTE-Cell-Scanner/build/CMakeFiles/CMakeTmp

Run Build Command(s):/usr/bin/gmake cmTC_c2c78/fast && /usr/bin/gmake  -f CMakeFiles/cmTC_c2c78.dir/build.make CMakeFiles/cmTC_c2c78.dir/build
gmake[1]: Entering directory '/home/pi/LTE-Cell-Scanner/build/CMakeFiles/CMakeTmp'
Building C object CMakeFiles/cmTC_c2c78.dir/CheckFunctionExists.c.o
/usr/bin/cc   -fopenmp -DCHECK_FUNCTION_EXISTS=sgemm_ -o CMakeFiles/cmTC_c2c78.dir/CheckFunctionExists.c.o -c /usr/share/cmake-3.18/Modules/CheckFunctionExists.c
Linking C executable cmTC_c2c78
/usr/bin/cmake -E cmake_link_script CMakeFiles/cmTC_c2c78.dir/link.txt --verbose=1
/usr/bin/cc  -fopenmp -DCHECK_FUNCTION_EXISTS=sgemm_ -rdynamic CMakeFiles/cmTC_c2c78.dir/CheckFunctionExists.c.o -o cmTC_c2c78 
/usr/bin/ld: CMakeFiles/cmTC_c2c78.dir/CheckFunctionExists.c.o: in function `main':
CheckFunctionExists.c:(.text+0x10): undefined reference to `sgemm_'
collect2: error: ld returned 1 exit status
gmake[1]: *** [CMakeFiles/cmTC_c2c78.dir/build.make:106: cmTC_c2c78] Error 1
gmake[1]: Leaving directory '/home/pi/LTE-Cell-Scanner/build/CMakeFiles/CMakeTmp'
gmake: *** [Makefile:140: cmTC_c2c78/fast] Error 2



Determining if the function cheev_ exists failed with the following output:
Change Dir: /home/pi/LTE-Cell-Scanner/build/CMakeFiles/CMakeTmp

Run Build Command(s):/usr/bin/gmake cmTC_37083/fast && /usr/bin/gmake  -f CMakeFiles/cmTC_37083.dir/build.make CMakeFiles/cmTC_37083.dir/build
gmake[1]: Entering directory '/home/pi/LTE-Cell-Scanner/build/CMakeFiles/CMakeTmp'
Building C object CMakeFiles/cmTC_37083.dir/CheckFunctionExists.c.o
/usr/bin/cc   -fopenmp -DCHECK_FUNCTION_EXISTS=cheev_ -o CMakeFiles/cmTC_37083.dir/CheckFunctionExists.c.o -c /usr/share/cmake-3.18/Modules/CheckFunctionExists.c
Linking C executable cmTC_37083
/usr/bin/cmake -E cmake_link_script CMakeFiles/cmTC_37083.dir/link.txt --verbose=1
/usr/bin/cc  -fopenmp -DCHECK_FUNCTION_EXISTS=cheev_ -rdynamic CMakeFiles/cmTC_37083.dir/CheckFunctionExists.c.o -o cmTC_37083  /usr/lib/aarch64-linux-gnu/libblas.so -lm -ldl 
/usr/bin/ld: CMakeFiles/cmTC_37083.dir/CheckFunctionExists.c.o: in function `main':
CheckFunctionExists.c:(.text+0x10): undefined reference to `cheev_'
collect2: error: ld returned 1 exit status
gmake[1]: *** [CMakeFiles/cmTC_37083.dir/build.make:107: cmTC_37083] Error 1
gmake[1]: Leaving directory '/home/pi/LTE-Cell-Scanner/build/CMakeFiles/CMakeTmp'
gmake: *** [Makefile:140: cmTC_37083/fast] Error 2



Determining if the function pthread_create exists in the pthreads failed with the following output:
Change Dir: /home/pi/LTE-Cell-Scanner/build/CMakeFiles/CMakeTmp

Run Build Command(s):/usr/bin/gmake cmTC_651f6/fast && /usr/bin/gmake  -f CMakeFiles/cmTC_651f6.dir/build.make CMakeFiles/cmTC_651f6.dir/build
gmake[1]: Entering directory '/home/pi/LTE-Cell-Scanner/build/CMakeFiles/CMakeTmp'
Building C object CMakeFiles/cmTC_651f6.dir/CheckFunctionExists.c.o
/usr/bin/cc   -fopenmp -DCHECK_FUNCTION_EXISTS=pthread_create -o CMakeFiles/cmTC_651f6.dir/CheckFunctionExists.c.o -c /usr/share/cmake-3.18/Modules/CheckFunctionExists.c
Linking C executable cmTC_651f6
/usr/bin/cmake -E cmake_link_script CMakeFiles/cmTC_651f6.dir/link.txt --verbose=1
/usr/bin/cc  -fopenmp -DCHECK_FUNCTION_EXISTS=pthread_create -rdynamic CMakeFiles/cmTC_651f6.dir/CheckFunctionExists.c.o -o cmTC_651f6  -lpthreads 
/usr/bin/ld: cannot find -lpthreads
collect2: error: ld returned 1 exit status
gmake[1]: *** [CMakeFiles/cmTC_651f6.dir/build.make:106: cmTC_651f6] Error 1
gmake[1]: Leaving directory '/home/pi/LTE-Cell-Scanner/build/CMakeFiles/CMakeTmp'
gmake: *** [Makefile:140: cmTC_651f6/fast] Error 2



Determining if the function sgemm_ exists failed with the following output:
Change Dir: /home/pi/LTE-Cell-Scanner/build/CMakeFiles/CMakeTmp

Run Build Command(s):/usr/bin/gmake cmTC_ef54b/fast && /usr/bin/gmake  -f CMakeFiles/cmTC_ef54b.dir/build.make CMakeFiles/cmTC_ef54b.dir/build
gmake[1]: Entering directory '/home/pi/LTE-Cell-Scanner/build/CMakeFiles/CMakeTmp'
Building C object CMakeFiles/cmTC_ef54b.dir/CheckFunctionExists.c.o
/usr/bin/cc   -fopenmp -DCHECK_FUNCTION_EXISTS=sgemm_ -o CMakeFiles/cmTC_ef54b.dir/CheckFunctionExists.c.o -c /usr/share/cmake-3.18/Modules/CheckFunctionExists.c
Linking C executable cmTC_ef54b
/usr/bin/cmake -E cmake_link_script CMakeFiles/cmTC_ef54b.dir/link.txt --verbose=1
/usr/bin/cc  -fopenmp -DCHECK_FUNCTION_EXISTS=sgemm_ -rdynamic CMakeFiles/cmTC_ef54b.dir/CheckFunctionExists.c.o -o cmTC_ef54b 
/usr/bin/ld: CMakeFiles/cmTC_ef54b.dir/CheckFunctionExists.c.o: in function `main':
CheckFunctionExists.c:(.text+0x10): undefined reference to `sgemm_'
collect2: error: ld returned 1 exit status
gmake[1]: *** [CMakeFiles/cmTC_ef54b.dir/build.make:106: cmTC_ef54b] Error 1
gmake[1]: Leaving directory '/home/pi/LTE-Cell-Scanner/build/CMakeFiles/CMakeTmp'
gmake: *** [Makefile:140: cmTC_ef54b/fast] Error 2



Determining if the function cheev_ exists failed with the following output:
Change Dir: /home/pi/LTE-Cell-Scanner/build/CMakeFiles/CMakeTmp

Run Build Command(s):/usr/bin/gmake cmTC_32f20/fast && /usr/bin/gmake  -f CMakeFiles/cmTC_32f20.dir/build.make CMakeFiles/cmTC_32f20.dir/build
gmake[1]: Entering directory '/home/pi/LTE-Cell-Scanner/build/CMakeFiles/CMakeTmp'
Building C object CMakeFiles/cmTC_32f20.dir/CheckFunctionExists.c.o
/usr/bin/cc   -fopenmp -DCHECK_FUNCTION_EXISTS=cheev_ -o CMakeFiles/cmTC_32f20.dir/CheckFunctionExists.c.o -c /usr/share/cmake-3.18/Modules/CheckFunctionExists.c
Linking C executable cmTC_32f20
/usr/bin/cmake -E cmake_link_script CMakeFiles/cmTC_32f20.dir/link.txt --verbose=1
/usr/bin/cc  -fopenmp -DCHECK_FUNCTION_EXISTS=cheev_ -rdynamic CMakeFiles/cmTC_32f20.dir/CheckFunctionExists.c.o -o cmTC_32f20  /usr/lib/aarch64-linux-gnu/libblas.so -lm -ldl 
/usr/bin/ld: CMakeFiles/cmTC_32f20.dir/CheckFunctionExists.c.o: in function `main':
CheckFunctionExists.c:(.text+0x10): undefined reference to `cheev_'
collect2: error: ld returned 1 exit status
gmake[1]: *** [CMakeFiles/cmTC_32f20.dir/build.make:107: cmTC_32f20] Error 1
gmake[1]: Leaving directory '/home/pi/LTE-Cell-Scanner/build/CMakeFiles/CMakeTmp'
gmake: *** [Makefile:140: cmTC_32f20/fast] Error 2



Determining if the function pthread_create exists in the pthreads failed with the following output:
Change Dir: /home/pi/LTE-Cell-Scanner/build/CMakeFiles/CMakeTmp

Run Build Command(s):/usr/bin/gmake cmTC_6da85/fast && /usr/bin/gmake  -f CMakeFiles/cmTC_6da85.dir/build.make CMakeFiles/cmTC_6da85.dir/build
gmake[1]: Entering directory '/home/pi/LTE-Cell-Scanner/build/CMakeFiles/CMakeTmp'
Building C object CMakeFiles/cmTC_6da85.dir/CheckFunctionExists.c.o
/usr/bin/cc   -fopenmp -DCHECK_FUNCTION_EXISTS=pthread_create -o CMakeFiles/cmTC_6da85.dir/CheckFunctionExists.c.o -c /usr/share/cmake-3.18/Modules/CheckFunctionExists.c
Linking C executable cmTC_6da85
/usr/bin/cmake -E cmake_link_script CMakeFiles/cmTC_6da85.dir/link.txt --verbose=1
/usr/bin/cc  -fopenmp -DCHECK_FUNCTION_EXISTS=pthread_create -rdynamic CMakeFiles/cmTC_6da85.dir/CheckFunctionExists.c.o -o cmTC_6da85  -lpthreads 
/usr/bin/ld: cannot find -lpthreads
collect2: error: ld returned 1 exit status
gmake[1]: *** [CMakeFiles/cmTC_6da85.dir/build.make:106: cmTC_6da85] Error 1
gmake[1]: Leaving directory '/home/pi/LTE-Cell-Scanner/build/CMakeFiles/CMakeTmp'
gmake: *** [Makefile:140: cmTC_6da85/fast] Error 2



Determining if the function sgemm_ exists failed with the following output:
Change Dir: /home/pi/LTE-Cell-Scanner/build/CMakeFiles/CMakeTmp

Run Build Command(s):/usr/bin/gmake cmTC_54251/fast && /usr/bin/gmake  -f CMakeFiles/cmTC_54251.dir/build.make CMakeFiles/cmTC_54251.dir/build
gmake[1]: Entering directory '/home/pi/LTE-Cell-Scanner/build/CMakeFiles/CMakeTmp'
Building C object CMakeFiles/cmTC_54251.dir/CheckFunctionExists.c.o
/usr/bin/cc   -fopenmp -DCHECK_FUNCTION_EXISTS=sgemm_ -o CMakeFiles/cmTC_54251.dir/CheckFunctionExists.c.o -c /usr/share/cmake-3.18/Modules/CheckFunctionExists.c
Linking C executable cmTC_54251
/usr/bin/cmake -E cmake_link_script CMakeFiles/cmTC_54251.dir/link.txt --verbose=1
/usr/bin/cc  -fopenmp -DCHECK_FUNCTION_EXISTS=sgemm_ -rdynamic CMakeFiles/cmTC_54251.dir/CheckFunctionExists.c.o -o cmTC_54251 
/usr/bin/ld: CMakeFiles/cmTC_54251.dir/CheckFunctionExists.c.o: in function `main':
CheckFunctionExists.c:(.text+0x10): undefined reference to `sgemm_'
collect2: error: ld returned 1 exit status
gmake[1]: *** [CMakeFiles/cmTC_54251.dir/build.make:106: cmTC_54251] Error 1
gmake[1]: Leaving directory '/home/pi/LTE-Cell-Scanner/build/CMakeFiles/CMakeTmp'
gmake: *** [Makefile:140: cmTC_54251/fast] Error 2



Determining if the function cheev_ exists failed with the following output:
Change Dir: /home/pi/LTE-Cell-Scanner/build/CMakeFiles/CMakeTmp

Run Build Command(s):/usr/bin/gmake cmTC_c8699/fast && /usr/bin/gmake  -f CMakeFiles/cmTC_c8699.dir/build.make CMakeFiles/cmTC_c8699.dir/build
gmake[1]: Entering directory '/home/pi/LTE-Cell-Scanner/build/CMakeFiles/CMakeTmp'
Building C object CMakeFiles/cmTC_c8699.dir/CheckFunctionExists.c.o
/usr/bin/cc   -fopenmp -DCHECK_FUNCTION_EXISTS=cheev_ -o CMakeFiles/cmTC_c8699.dir/CheckFunctionExists.c.o -c /usr/share/cmake-3.18/Modules/CheckFunctionExists.c
Linking C executable cmTC_c8699
/usr/bin/cmake -E cmake_link_script CMakeFiles/cmTC_c8699.dir/link.txt --verbose=1
/usr/bin/cc  -fopenmp -DCHECK_FUNCTION_EXISTS=cheev_ -rdynamic CMakeFiles/cmTC_c8699.dir/CheckFunctionExists.c.o -o cmTC_c8699  /usr/lib/aarch64-linux-gnu/libblas.so -lm -ldl 
/usr/bin/ld: CMakeFiles/cmTC_c8699.dir/CheckFunctionExists.c.o: in function `main':
CheckFunctionExists.c:(.text+0x10): undefined reference to `cheev_'
collect2: error: ld returned 1 exit status
gmake[1]: *** [CMakeFiles/cmTC_c8699.dir/build.make:107: cmTC_c8699] Error 1
gmake[1]: Leaving directory '/home/pi/LTE-Cell-Scanner/build/CMakeFiles/CMakeTmp'
gmake: *** [Makefile:140: cmTC_c8699/fast] Error 2



Determining if the function pthread_create exists in the pthreads failed with the following output:
Change Dir: /home/pi/LTE-Cell-Scanner/build/CMakeFiles/CMakeTmp

Run Build Command(s):/usr/bin/gmake cmTC_8c38f/fast && /usr/bin/gmake  -f CMakeFiles/cmTC_8c38f.dir/build.make CMakeFiles/cmTC_8c38f.dir/build
gmake[1]: Entering directory '/home/pi/LTE-Cell-Scanner/build/CMakeFiles/CMakeTmp'
Building C object CMakeFiles/cmTC_8c38f.dir/CheckFunctionExists.c.o
/usr/bin/cc   -fopenmp -DCHECK_FUNCTION_EXISTS=pthread_create -o CMakeFiles/cmTC_8c38f.dir/CheckFunctionExists.c.o -c /usr/share/cmake-3.18/Modules/CheckFunctionExists.c
Linking C executable cmTC_8c38f
/usr/bin/cmake -E cmake_link_script CMakeFiles/cmTC_8c38f.dir/link.txt --verbose=1
/usr/bin/cc  -fopenmp -DCHECK_FUNCTION_EXISTS=pthread_create -rdynamic CMakeFiles/cmTC_8c38f.dir/CheckFunctionExists.c.o -o cmTC_8c38f  -lpthreads 
/usr/bin/ld: cannot find -lpthreads
collect2: error: ld returned 1 exit status
gmake[1]: *** [CMakeFiles/cmTC_8c38f.dir/build.make:106: cmTC_8c38f] Error 1
gmake[1]: Leaving directory '/home/pi/LTE-Cell-Scanner/build/CMakeFiles/CMakeTmp'
gmake: *** [Makefile:140: cmTC_8c38f/fast] Error 2



Determining if the function sgemm_ exists failed with the following output:
Change Dir: /home/pi/LTE-Cell-Scanner/build/CMakeFiles/CMakeTmp

Run Build Command(s):/usr/bin/gmake cmTC_480b7/fast && /usr/bin/gmake  -f CMakeFiles/cmTC_480b7.dir/build.make CMakeFiles/cmTC_480b7.dir/build
gmake[1]: Entering directory '/home/pi/LTE-Cell-Scanner/build/CMakeFiles/CMakeTmp'
Building C object CMakeFiles/cmTC_480b7.dir/CheckFunctionExists.c.o
/usr/bin/cc   -fopenmp -DCHECK_FUNCTION_EXISTS=sgemm_ -o CMakeFiles/cmTC_480b7.dir/CheckFunctionExists.c.o -c /usr/share/cmake-3.18/Modules/CheckFunctionExists.c
Linking C executable cmTC_480b7
/usr/bin/cmake -E cmake_link_script CMakeFiles/cmTC_480b7.dir/link.txt --verbose=1
/usr/bin/cc  -fopenmp -DCHECK_FUNCTION_EXISTS=sgemm_ -rdynamic CMakeFiles/cmTC_480b7.dir/CheckFunctionExists.c.o -o cmTC_480b7 
/usr/bin/ld: CMakeFiles/cmTC_480b7.dir/CheckFunctionExists.c.o: in function `main':
CheckFunctionExists.c:(.text+0x10): undefined reference to `sgemm_'
collect2: error: ld returned 1 exit status
gmake[1]: *** [CMakeFiles/cmTC_480b7.dir/build.make:106: cmTC_480b7] Error 1
gmake[1]: Leaving directory '/home/pi/LTE-Cell-Scanner/build/CMakeFiles/CMakeTmp'
gmake: *** [Makefile:140: cmTC_480b7/fast] Error 2



Determining if the function cheev_ exists failed with the following output:
Change Dir: /home/pi/LTE-Cell-Scanner/build/CMakeFiles/CMakeTmp

Run Build Command(s):/usr/bin/gmake cmTC_e1e9a/fast && /usr/bin/gmake  -f CMakeFiles/cmTC_e1e9a.dir/build.make CMakeFiles/cmTC_e1e9a.dir/build
gmake[1]: Entering directory '/home/pi/LTE-Cell-Scanner/build/CMakeFiles/CMakeTmp'
Building C object CMakeFiles/cmTC_e1e9a.dir/CheckFunctionExists.c.o
/usr/bin/cc   -fopenmp -DCHECK_FUNCTION_EXISTS=cheev_ -o CMakeFiles/cmTC_e1e9a.dir/CheckFunctionExists.c.o -c /usr/share/cmake-3.18/Modules/CheckFunctionExists.c
Linking C executable cmTC_e1e9a
/usr/bin/cmake -E cmake_link_script CMakeFiles/cmTC_e1e9a.dir/link.txt --verbose=1
/usr/bin/cc  -fopenmp -DCHECK_FUNCTION_EXISTS=cheev_ -rdynamic CMakeFiles/cmTC_e1e9a.dir/CheckFunctionExists.c.o -o cmTC_e1e9a  /usr/lib/aarch64-linux-gnu/libblas.so -lm -ldl 
/usr/bin/ld: CMakeFiles/cmTC_e1e9a.dir/CheckFunctionExists.c.o: in function `main':
CheckFunctionExists.c:(.text+0x10): undefined reference to `cheev_'
collect2: error: ld returned 1 exit status
gmake[1]: *** [CMakeFiles/cmTC_e1e9a.dir/build.make:107: cmTC_e1e9a] Error 1
gmake[1]: Leaving directory '/home/pi/LTE-Cell-Scanner/build/CMakeFiles/CMakeTmp'
gmake: *** [Makefile:140: cmTC_e1e9a/fast] Error 2



Determining if the function pthread_create exists in the pthreads failed with the following output:
Change Dir: /home/pi/LTE-Cell-Scanner/build/CMakeFiles/CMakeTmp

Run Build Command(s):/usr/bin/gmake cmTC_88bbe/fast && /usr/bin/gmake  -f CMakeFiles/cmTC_88bbe.dir/build.make CMakeFiles/cmTC_88bbe.dir/build
gmake[1]: Entering directory '/home/pi/LTE-Cell-Scanner/build/CMakeFiles/CMakeTmp'
Building C object CMakeFiles/cmTC_88bbe.dir/CheckFunctionExists.c.o
/usr/bin/cc   -fopenmp -DCHECK_FUNCTION_EXISTS=pthread_create -o CMakeFiles/cmTC_88bbe.dir/CheckFunctionExists.c.o -c /usr/share/cmake-3.18/Modules/CheckFunctionExists.c
Linking C executable cmTC_88bbe
/usr/bin/cmake -E cmake_link_script CMakeFiles/cmTC_88bbe.dir/link.txt --verbose=1
/usr/bin/cc  -fopenmp -DCHECK_FUNCTION_EXISTS=pthread_create -rdynamic CMakeFiles/cmTC_88bbe.dir/CheckFunctionExists.c.o -o cmTC_88bbe  -lpthreads 
/usr/bin/ld: cannot find -lpthreads
collect2: error: ld returned 1 exit status
gmake[1]: *** [CMakeFiles/cmTC_88bbe.dir/build.make:106: cmTC_88bbe] Error 1
gmake[1]: Leaving directory '/home/pi/LTE-Cell-Scanner/build/CMakeFiles/CMakeTmp'
gmake: *** [Makefile:140: cmTC_88bbe/fast] Error 2



Determining if the function sgemm_ exists failed with the following output:
Change Dir: /home/pi/LTE-Cell-Scanner/build/CMakeFiles/CMakeTmp

Run Build Command(s):/usr/bin/gmake cmTC_2715e/fast && /usr/bin/gmake  -f CMakeFiles/cmTC_2715e.dir/build.make CMakeFiles/cmTC_2715e.dir/build
gmake[1]: Entering directory '/home/pi/LTE-Cell-Scanner/build/CMakeFiles/CMakeTmp'
Building C object CMakeFiles/cmTC_2715e.dir/CheckFunctionExists.c.o
/usr/bin/cc   -fopenmp -DCHECK_FUNCTION_EXISTS=sgemm_ -o CMakeFiles/cmTC_2715e.dir/CheckFunctionExists.c.o -c /usr/share/cmake-3.18/Modules/CheckFunctionExists.c
Linking C executable cmTC_2715e
/usr/bin/cmake -E cmake_link_script CMakeFiles/cmTC_2715e.dir/link.txt --verbose=1
/usr/bin/cc  -fopenmp -DCHECK_FUNCTION_EXISTS=sgemm_ -rdynamic CMakeFiles/cmTC_2715e.dir/CheckFunctionExists.c.o -o cmTC_2715e 
/usr/bin/ld: CMakeFiles/cmTC_2715e.dir/CheckFunctionExists.c.o: in function `main':
CheckFunctionExists.c:(.text+0x10): undefined reference to `sgemm_'
collect2: error: ld returned 1 exit status
gmake[1]: *** [CMakeFiles/cmTC_2715e.dir/build.make:106: cmTC_2715e] Error 1
gmake[1]: Leaving directory '/home/pi/LTE-Cell-Scanner/build/CMakeFiles/CMakeTmp'
gmake: *** [Makefile:140: cmTC_2715e/fast] Error 2



Determining if the function cheev_ exists failed with the following output:
Change Dir: /home/pi/LTE-Cell-Scanner/build/CMakeFiles/CMakeTmp

Run Build Command(s):/usr/bin/gmake cmTC_81919/fast && /usr/bin/gmake  -f CMakeFiles/cmTC_81919.dir/build.make CMakeFiles/cmTC_81919.dir/build
gmake[1]: Entering directory '/home/pi/LTE-Cell-Scanner/build/CMakeFiles/CMakeTmp'
Building C object CMakeFiles/cmTC_81919.dir/CheckFunctionExists.c.o
/usr/bin/cc   -fopenmp -DCHECK_FUNCTION_EXISTS=cheev_ -o CMakeFiles/cmTC_81919.dir/CheckFunctionExists.c.o -c /usr/share/cmake-3.18/Modules/CheckFunctionExists.c
Linking C executable cmTC_81919
/usr/bin/cmake -E cmake_link_script CMakeFiles/cmTC_81919.dir/link.txt --verbose=1
/usr/bin/cc  -fopenmp -DCHECK_FUNCTION_EXISTS=cheev_ -rdynamic CMakeFiles/cmTC_81919.dir/CheckFunctionExists.c.o -o cmTC_81919  /usr/lib/aarch64-linux-gnu/libblas.so -lm -ldl 
/usr/bin/ld: CMakeFiles/cmTC_81919.dir/CheckFunctionExists.c.o: in function `main':
CheckFunctionExists.c:(.text+0x10): undefined reference to `cheev_'
collect2: error: ld returned 1 exit status
gmake[1]: *** [CMakeFiles/cmTC_81919.dir/build.make:107: cmTC_81919] Error 1
gmake[1]: Leaving directory '/home/pi/LTE-Cell-Scanner/build/CMakeFiles/CMakeTmp'
gmake: *** [Makefile:140: cmTC_81919/fast] Error 2



Determining if the function pthread_create exists in the pthreads failed with the following output:
Change Dir: /home/pi/LTE-Cell-Scanner/build/CMakeFiles/CMakeTmp

Run Build Command(s):/usr/bin/gmake cmTC_bb00b/fast && /usr/bin/gmake  -f CMakeFiles/cmTC_bb00b.dir/build.make CMakeFiles/cmTC_bb00b.dir/build
gmake[1]: Entering directory '/home/pi/LTE-Cell-Scanner/build/CMakeFiles/CMakeTmp'
Building C object CMakeFiles/cmTC_bb00b.dir/CheckFunctionExists.c.o
/usr/bin/cc   -fopenmp -DCHECK_FUNCTION_EXISTS=pthread_create -o CMakeFiles/cmTC_bb00b.dir/CheckFunctionExists.c.o -c /usr/share/cmake-3.18/Modules/CheckFunctionExists.c
Linking C executable cmTC_bb00b
/usr/bin/cmake -E cmake_link_script CMakeFiles/cmTC_bb00b.dir/link.txt --verbose=1
/usr/bin/cc  -fopenmp -DCHECK_FUNCTION_EXISTS=pthread_create -rdynamic CMakeFiles/cmTC_bb00b.dir/CheckFunctionExists.c.o -o cmTC_bb00b  -lpthreads 
/usr/bin/ld: cannot find -lpthreads
collect2: error: ld returned 1 exit status
gmake[1]: *** [CMakeFiles/cmTC_bb00b.dir/build.make:106: cmTC_bb00b] Error 1
gmake[1]: Leaving directory '/home/pi/LTE-Cell-Scanner/build/CMakeFiles/CMakeTmp'
gmake: *** [Makefile:140: cmTC_bb00b/fast] Error 2



Determining if the function sgemm_ exists failed with the following output:
Change Dir: /home/pi/LTE-Cell-Scanner/build/CMakeFiles/CMakeTmp

Run Build Command(s):/usr/bin/gmake cmTC_0cc4b/fast && /usr/bin/gmake  -f CMakeFiles/cmTC_0cc4b.dir/build.make CMakeFiles/cmTC_0cc4b.dir/build
gmake[1]: Entering directory '/home/pi/LTE-Cell-Scanner/build/CMakeFiles/CMakeTmp'
Building C object CMakeFiles/cmTC_0cc4b.dir/CheckFunctionExists.c.o
/usr/bin/cc   -fopenmp -DCHECK_FUNCTION_EXISTS=sgemm_ -o CMakeFiles/cmTC_0cc4b.dir/CheckFunctionExists.c.o -c /usr/share/cmake-3.18/Modules/CheckFunctionExists.c
Linking C executable cmTC_0cc4b
/usr/bin/cmake -E cmake_link_script CMakeFiles/cmTC_0cc4b.dir/link.txt --verbose=1
/usr/bin/cc  -fopenmp -DCHECK_FUNCTION_EXISTS=sgemm_ -rdynamic CMakeFiles/cmTC_0cc4b.dir/CheckFunctionExists.c.o -o cmTC_0cc4b 
/usr/bin/ld: CMakeFiles/cmTC_0cc4b.dir/CheckFunctionExists.c.o: in function `main':
CheckFunctionExists.c:(.text+0x10): undefined reference to `sgemm_'
collect2: error: ld returned 1 exit status
gmake[1]: *** [CMakeFiles/cmTC_0cc4b.dir/build.make:106: cmTC_0cc4b] Error 1
gmake[1]: Leaving directory '/home/pi/LTE-Cell-Scanner/build/CMakeFiles/CMakeTmp'
gmake: *** [Makefile:140: cmTC_0cc4b/fast] Error 2



Determining if the function cheev_ exists failed with the following output:
Change Dir: /home/pi/LTE-Cell-Scanner/build/CMakeFiles/CMakeTmp

Run Build Command(s):/usr/bin/gmake cmTC_9f378/fast && /usr/bin/gmake  -f CMakeFiles/cmTC_9f378.dir/build.make CMakeFiles/cmTC_9f378.dir/build
gmake[1]: Entering directory '/home/pi/LTE-Cell-Scanner/build/CMakeFiles/CMakeTmp'
Building C object CMakeFiles/cmTC_9f378.dir/CheckFunctionExists.c.o
/usr/bin/cc   -fopenmp -DCHECK_FUNCTION_EXISTS=cheev_ -o CMakeFiles/cmTC_9f378.dir/CheckFunctionExists.c.o -c /usr/share/cmake-3.18/Modules/CheckFunctionExists.c
Linking C executable cmTC_9f378
/usr/bin/cmake -E cmake_link_script CMakeFiles/cmTC_9f378.dir/link.txt --verbose=1
/usr/bin/cc  -fopenmp -DCHECK_FUNCTION_EXISTS=cheev_ -rdynamic CMakeFiles/cmTC_9f378.dir/CheckFunctionExists.c.o -o cmTC_9f378  /usr/lib/aarch64-linux-gnu/libblas.so -lm -ldl 
/usr/bin/ld: CMakeFiles/cmTC_9f378.dir/CheckFunctionExists.c.o: in function `main':
CheckFunctionExists.c:(.text+0x10): undefined reference to `cheev_'
collect2: error: ld returned 1 exit status
gmake[1]: *** [CMakeFiles/cmTC_9f378.dir/build.make:107: cmTC_9f378] Error 1
gmake[1]: Leaving directory '/home/pi/LTE-Cell-Scanner/build/CMakeFiles/CMakeTmp'
gmake: *** [Makefile:140: cmTC_9f378/fast] Error 2



Determining if the function pthread_create exists in the pthreads failed with the following output:
Change Dir: /home/pi/LTE-Cell-Scanner/build/CMakeFiles/CMakeTmp

Run Build Command(s):/usr/bin/gmake cmTC_2b3b7/fast && /usr/bin/gmake  -f CMakeFiles/cmTC_2b3b7.dir/build.make CMakeFiles/cmTC_2b3b7.dir/build
gmake[1]: Entering directory '/home/pi/LTE-Cell-Scanner/build/CMakeFiles/CMakeTmp'
Building C object CMakeFiles/cmTC_2b3b7.dir/CheckFunctionExists.c.o
/usr/bin/cc   -fopenmp -DCHECK_FUNCTION_EXISTS=pthread_create -o CMakeFiles/cmTC_2b3b7.dir/CheckFunctionExists.c.o -c /usr/share/cmake-3.18/Modules/CheckFunctionExists.c
Linking C executable cmTC_2b3b7
/usr/bin/cmake -E cmake_link_script CMakeFiles/cmTC_2b3b7.dir/link.txt --verbose=1
/usr/bin/cc  -fopenmp -DCHECK_FUNCTION_EXISTS=pthread_create -rdynamic CMakeFiles/cmTC_2b3b7.dir/CheckFunctionExists.c.o -o cmTC_2b3b7  -lpthreads 
/usr/bin/ld: cannot find -lpthreads
collect2: error: ld returned 1 exit status
gmake[1]: *** [CMakeFiles/cmTC_2b3b7.dir/build.make:106: cmTC_2b3b7] Error 1
gmake[1]: Leaving directory '/home/pi/LTE-Cell-Scanner/build/CMakeFiles/CMakeTmp'
gmake: *** [Makefile:140: cmTC_2b3b7/fast] Error 2



Determining if the function sgemm_ exists failed with the following output:
Change Dir: /home/pi/LTE-Cell-Scanner/build/CMakeFiles/CMakeTmp

Run Build Command(s):/usr/bin/gmake cmTC_664ff/fast && /usr/bin/gmake  -f CMakeFiles/cmTC_664ff.dir/build.make CMakeFiles/cmTC_664ff.dir/build
gmake[1]: Entering directory '/home/pi/LTE-Cell-Scanner/build/CMakeFiles/CMakeTmp'
Building C object CMakeFiles/cmTC_664ff.dir/CheckFunctionExists.c.o
/usr/bin/cc   -fopenmp -DCHECK_FUNCTION_EXISTS=sgemm_ -o CMakeFiles/cmTC_664ff.dir/CheckFunctionExists.c.o -c /usr/share/cmake-3.18/Modules/CheckFunctionExists.c
Linking C executable cmTC_664ff
/usr/bin/cmake -E cmake_link_script CMakeFiles/cmTC_664ff.dir/link.txt --verbose=1
/usr/bin/cc  -fopenmp -DCHECK_FUNCTION_EXISTS=sgemm_ -rdynamic CMakeFiles/cmTC_664ff.dir/CheckFunctionExists.c.o -o cmTC_664ff 
/usr/bin/ld: CMakeFiles/cmTC_664ff.dir/CheckFunctionExists.c.o: in function `main':
CheckFunctionExists.c:(.text+0x10): undefined reference to `sgemm_'
collect2: error: ld returned 1 exit status
gmake[1]: *** [CMakeFiles/cmTC_664ff.dir/build.make:106: cmTC_664ff] Error 1
gmake[1]: Leaving directory '/home/pi/LTE-Cell-Scanner/build/CMakeFiles/CMakeTmp'
gmake: *** [Makefile:140: cmTC_664ff/fast] Error 2



Determining if the function cheev_ exists failed with the following output:
Change Dir: /home/pi/LTE-Cell-Scanner/build/CMakeFiles/CMakeTmp

Run Build Command(s):/usr/bin/gmake cmTC_a1345/fast && /usr/bin/gmake  -f CMakeFiles/cmTC_a1345.dir/build.make CMakeFiles/cmTC_a1345.dir/build
gmake[1]: Entering directory '/home/pi/LTE-Cell-Scanner/build/CMakeFiles/CMakeTmp'
Building C object CMakeFiles/cmTC_a1345.dir/CheckFunctionExists.c.o
/usr/bin/cc   -fopenmp -DCHECK_FUNCTION_EXISTS=cheev_ -o CMakeFiles/cmTC_a1345.dir/CheckFunctionExists.c.o -c /usr/share/cmake-3.18/Modules/CheckFunctionExists.c
Linking C executable cmTC_a1345
/usr/bin/cmake -E cmake_link_script CMakeFiles/cmTC_a1345.dir/link.txt --verbose=1
/usr/bin/cc  -fopenmp -DCHECK_FUNCTION_EXISTS=cheev_ -rdynamic CMakeFiles/cmTC_a1345.dir/CheckFunctionExists.c.o -o cmTC_a1345  /usr/lib/aarch64-linux-gnu/libblas.so -lm -ldl 
/usr/bin/ld: CMakeFiles/cmTC_a1345.dir/CheckFunctionExists.c.o: in function `main':
CheckFunctionExists.c:(.text+0x10): undefined reference to `cheev_'
collect2: error: ld returned 1 exit status
gmake[1]: *** [CMakeFiles/cmTC_a1345.dir/build.make:107: cmTC_a1345] Error 1
gmake[1]: Leaving directory '/home/pi/LTE-Cell-Scanner/build/CMakeFiles/CMakeTmp'
gmake: *** [Makefile:140: cmTC_a1345/fast] Error 2



Determining if the function pthread_create exists in the pthreads failed with the following output:
Change Dir: /home/pi/LTE-Cell-Scanner/build/CMakeFiles/CMakeTmp

Run Build Command(s):/usr/bin/gmake cmTC_4f25b/fast && /usr/bin/gmake  -f CMakeFiles/cmTC_4f25b.dir/build.make CMakeFiles/cmTC_4f25b.dir/build
gmake[1]: Entering directory '/home/pi/LTE-Cell-Scanner/build/CMakeFiles/CMakeTmp'
Building C object CMakeFiles/cmTC_4f25b.dir/CheckFunctionExists.c.o
/usr/bin/cc   -fopenmp -DCHECK_FUNCTION_EXISTS=pthread_create -o CMakeFiles/cmTC_4f25b.dir/CheckFunctionExists.c.o -c /usr/share/cmake-3.18/Modules/CheckFunctionExists.c
Linking C executable cmTC_4f25b
/usr/bin/cmake -E cmake_link_script CMakeFiles/cmTC_4f25b.dir/link.txt --verbose=1
/usr/bin/cc  -fopenmp -DCHECK_FUNCTION_EXISTS=pthread_create -rdynamic CMakeFiles/cmTC_4f25b.dir/CheckFunctionExists.c.o -o cmTC_4f25b  -lpthreads 
/usr/bin/ld: cannot find -lpthreads
collect2: error: ld returned 1 exit status
gmake[1]: *** [CMakeFiles/cmTC_4f25b.dir/build.make:106: cmTC_4f25b] Error 1
gmake[1]: Leaving directory '/home/pi/LTE-Cell-Scanner/build/CMakeFiles/CMakeTmp'
gmake: *** [Makefile:140: cmTC_4f25b/fast] Error 2



Determining if the function sgemm_ exists failed with the following output:
Change Dir: /home/pi/LTE-Cell-Scanner/build/CMakeFiles/CMakeTmp

Run Build Command(s):/usr/bin/gmake cmTC_599c7/fast && /usr/bin/gmake  -f CMakeFiles/cmTC_599c7.dir/build.make CMakeFiles/cmTC_599c7.dir/build
gmake[1]: Entering directory '/home/pi/LTE-Cell-Scanner/build/CMakeFiles/CMakeTmp'
Building C object CMakeFiles/cmTC_599c7.dir/CheckFunctionExists.c.o
/usr/bin/cc   -fopenmp -DCHECK_FUNCTION_EXISTS=sgemm_ -o CMakeFiles/cmTC_599c7.dir/CheckFunctionExists.c.o -c /usr/share/cmake-3.18/Modules/CheckFunctionExists.c
Linking C executable cmTC_599c7
/usr/bin/cmake -E cmake_link_script CMakeFiles/cmTC_599c7.dir/link.txt --verbose=1
/usr/bin/cc  -fopenmp -DCHECK_FUNCTION_EXISTS=sgemm_ -rdynamic CMakeFiles/cmTC_599c7.dir/CheckFunctionExists.c.o -o cmTC_599c7 
/usr/bin/ld: CMakeFiles/cmTC_599c7.dir/CheckFunctionExists.c.o: in function `main':
CheckFunctionExists.c:(.text+0x10): undefined reference to `sgemm_'
collect2: error: ld returned 1 exit status
gmake[1]: *** [CMakeFiles/cmTC_599c7.dir/build.make:106: cmTC_599c7] Error 1
gmake[1]: Leaving directory '/home/pi/LTE-Cell-Scanner/build/CMakeFiles/CMakeTmp'
gmake: *** [Makefile:140: cmTC_599c7/fast] Error 2



Determining if the function cheev_ exists failed with the following output:
Change Dir: /home/pi/LTE-Cell-Scanner/build/CMakeFiles/CMakeTmp

Run Build Command(s):/usr/bin/gmake cmTC_d168e/fast && /usr/bin/gmake  -f CMakeFiles/cmTC_d168e.dir/build.make CMakeFiles/cmTC_d168e.dir/build
gmake[1]: Entering directory '/home/pi/LTE-Cell-Scanner/build/CMakeFiles/CMakeTmp'
Building C object CMakeFiles/cmTC_d168e.dir/CheckFunctionExists.c.o
/usr/bin/cc   -fopenmp -DCHECK_FUNCTION_EXISTS=cheev_ -o CMakeFiles/cmTC_d168e.dir/CheckFunctionExists.c.o -c /usr/share/cmake-3.18/Modules/CheckFunctionExists.c
Linking C executable cmTC_d168e
/usr/bin/cmake -E cmake_link_script CMakeFiles/cmTC_d168e.dir/link.txt --verbose=1
/usr/bin/cc  -fopenmp -DCHECK_FUNCTION_EXISTS=cheev_ -rdynamic CMakeFiles/cmTC_d168e.dir/CheckFunctionExists.c.o -o cmTC_d168e  /usr/lib/aarch64-linux-gnu/libblas.so -lm -ldl 
/usr/bin/ld: CMakeFiles/cmTC_d168e.dir/CheckFunctionExists.c.o: in function `main':
CheckFunctionExists.c:(.text+0x10): undefined reference to `cheev_'
collect2: error: ld returned 1 exit status
gmake[1]: *** [CMakeFiles/cmTC_d168e.dir/build.make:107: cmTC_d168e] Error 1
gmake[1]: Leaving directory '/home/pi/LTE-Cell-Scanner/build/CMakeFiles/CMakeTmp'
gmake: *** [Makefile:140: cmTC_d168e/fast] Error 2



